        -:    0:Source:C:/mingw64/lib/gcc/x86_64-w64-mingw32/7.3.0/include/c++/bits/random.h
        -:    0:Graph:C:\Users\Andreas\ikt203_projects\projects\project 5 Air Traffic Controller\cmake-build-debug-coverage\CMakeFiles\project_5_Air_Traffic_Controller.dir\includes\aircraft.cpp.gcno
        -:    0:Data:C:\Users\Andreas\ikt203_projects\projects\project 5 Air Traffic Controller\cmake-build-debug-coverage\CMakeFiles\project_5_Air_Traffic_Controller.dir\includes\aircraft.cpp.gcda
        -:    0:Runs:1
        -:    0:Programs:1
        -:    1:// random number generation -*- C++ -*-
        -:    2:
        -:    3:// Copyright (C) 2009-2017 Free Software Foundation, Inc.
        -:    4://
        -:    5:// This file is part of the GNU ISO C++ Library.  This library is free
        -:    6:// software; you can redistribute it and/or modify it under the
        -:    7:// terms of the GNU General Public License as published by the
        -:    8:// Free Software Foundation; either version 3, or (at your option)
        -:    9:// any later version.
        -:   10:
        -:   11:// This library is distributed in the hope that it will be useful,
        -:   12:// but WITHOUT ANY WARRANTY; without even the implied warranty of
        -:   13:// MERCHANTABILITY or FITNESS FOR A PARTICULAR PURPOSE.  See the
        -:   14:// GNU General Public License for more details.
        -:   15:
        -:   16:// Under Section 7 of GPL version 3, you are granted additional
        -:   17:// permissions described in the GCC Runtime Library Exception, version
        -:   18:// 3.1, as published by the Free Software Foundation.
        -:   19:
        -:   20:// You should have received a copy of the GNU General Public License and
        -:   21:// a copy of the GCC Runtime Library Exception along with this program;
        -:   22:// see the files COPYING3 and COPYING.RUNTIME respectively.  If not, see
        -:   23:// <http://www.gnu.org/licenses/>.
        -:   24:
        -:   25:/**
        -:   26: * @file bits/random.h
        -:   27: *  This is an internal header file, included by other library headers.
        -:   28: *  Do not attempt to use it directly. @headername{random}
        -:   29: */
        -:   30:
        -:   31:#ifndef _RANDOM_H
        -:   32:#define _RANDOM_H 1
        -:   33:
        -:   34:#include <vector>
        -:   35:#include <bits/uniform_int_dist.h>
        -:   36:
        -:   37:namespace std _GLIBCXX_VISIBILITY(default)
        -:   38:{
        -:   39:_GLIBCXX_BEGIN_NAMESPACE_VERSION
        -:   40:
        -:   41:  // [26.4] Random number generation
        -:   42:
        -:   43:  /**
        -:   44:   * @defgroup random Random Number Generation
        -:   45:   * @ingroup numerics
        -:   46:   *
        -:   47:   * A facility for generating random numbers on selected distributions.
        -:   48:   * @{
        -:   49:   */
        -:   50:
        -:   51:  /**
        -:   52:   * @brief A function template for converting the output of a (integral)
        -:   53:   * uniform random number generator to a floatng point result in the range
        -:   54:   * [0-1).
        -:   55:   */
        -:   56:  template<typename _RealType, size_t __bits,
        -:   57:	   typename _UniformRandomNumberGenerator>
        -:   58:    _RealType
        -:   59:    generate_canonical(_UniformRandomNumberGenerator& __g);
        -:   60:
        -:   61:_GLIBCXX_END_NAMESPACE_VERSION
        -:   62:
        -:   63:  /*
        -:   64:   * Implementation-space details.
        -:   65:   */
        -:   66:  namespace __detail
        -:   67:  {
        -:   68:  _GLIBCXX_BEGIN_NAMESPACE_VERSION
        -:   69:
        -:   70:    template<typename _UIntType, size_t __w,
        -:   71:	     bool = __w < static_cast<size_t>
        -:   72:			  (std::numeric_limits<_UIntType>::digits)>
        -:   73:      struct _Shift
        -:   74:      { static const _UIntType __value = 0; };
        -:   75:
        -:   76:    template<typename _UIntType, size_t __w>
        -:   77:      struct _Shift<_UIntType, __w, true>
        -:   78:      { static const _UIntType __value = _UIntType(1) << __w; };
        -:   79:
        -:   80:    template<int __s,
        -:   81:	     int __which = ((__s <= __CHAR_BIT__ * sizeof (int))
        -:   82:			    + (__s <= __CHAR_BIT__ * sizeof (long))
        -:   83:			    + (__s <= __CHAR_BIT__ * sizeof (long long))
        -:   84:			    /* assume long long no bigger than __int128 */
        -:   85:			    + (__s <= 128))>
        -:   86:      struct _Select_uint_least_t
        -:   87:      {
        -:   88:	static_assert(__which < 0, /* needs to be dependent */
        -:   89:		      "sorry, would be too much trouble for a slow result");
        -:   90:      };
        -:   91:
        -:   92:    template<int __s>
        -:   93:      struct _Select_uint_least_t<__s, 4>
        -:   94:      { typedef unsigned int type; };
        -:   95:
        -:   96:    template<int __s>
        -:   97:      struct _Select_uint_least_t<__s, 3>
        -:   98:      { typedef unsigned long type; };
        -:   99:
        -:  100:    template<int __s>
        -:  101:      struct _Select_uint_least_t<__s, 2>
        -:  102:      { typedef unsigned long long type; };
        -:  103:
        -:  104:#ifdef _GLIBCXX_USE_INT128
        -:  105:    template<int __s>
        -:  106:      struct _Select_uint_least_t<__s, 1>
        -:  107:      { typedef unsigned __int128 type; };
        -:  108:#endif
        -:  109:
        -:  110:    // Assume a != 0, a < m, c < m, x < m.
        -:  111:    template<typename _Tp, _Tp __m, _Tp __a, _Tp __c,
        -:  112:	     bool __big_enough = (!(__m & (__m - 1))
        -:  113:				  || (_Tp(-1) - __c) / __a >= __m - 1),
        -:  114:             bool __schrage_ok = __m % __a < __m / __a>
        -:  115:      struct _Mod
        -:  116:      {
        -:  117:	typedef typename _Select_uint_least_t<std::__lg(__a)
        -:  118:					      + std::__lg(__m) + 2>::type _Tp2;
        -:  119:	static _Tp
        -:  120:	__calc(_Tp __x)
        -:  121:	{ return static_cast<_Tp>((_Tp2(__a) * __x + __c) % __m); }
        -:  122:      };
        -:  123:
        -:  124:    // Schrage.
        -:  125:    template<typename _Tp, _Tp __m, _Tp __a, _Tp __c>
        -:  126:      struct _Mod<_Tp, __m, __a, __c, false, true>
        -:  127:      {
        -:  128:	static _Tp
        -:  129:	__calc(_Tp __x);
        -:  130:      };
        -:  131:
        -:  132:    // Special cases:
        -:  133:    // - for m == 2^n or m == 0, unsigned integer overflow is safe.
        -:  134:    // - a * (m - 1) + c fits in _Tp, there is no overflow.
        -:  135:    template<typename _Tp, _Tp __m, _Tp __a, _Tp __c, bool __s>
        -:  136:      struct _Mod<_Tp, __m, __a, __c, true, __s>
        -:  137:      {
        -:  138:	static _Tp
function _ZNSt8__detail4_ModIjLj624ELj1ELj0ELb1ELb1EE6__calcEj called 523320 returned 100% blocks executed 100%
function _ZNSt8__detail4_ModIjLj0ELj1ELj0ELb1ELb0EE6__calcEj called 524160 returned 100% blocks executed 100%
  1047480:  139:	__calc(_Tp __x)
   523320:  139-block  0
   524160:  139-block  1
        -:  140:	{
   524160:  141:	  _Tp __res = __a * __x + __c;
   524160:  141-block  0
        -:  142:	  if (__m)
   523320:  143:	    __res %= __m;
  1047480:  144:	  return __res;
   523320:  144-block  0
   524160:  144-block  1
        -:  145:	}
        -:  146:      };
        -:  147:
        -:  148:    template<typename _Tp, _Tp __m, _Tp __a = 1, _Tp __c = 0>
        -:  149:      inline _Tp
function _ZNSt8__detail5__modIjLj624ELj1ELj0EEET_S1_ called 523320 returned 100% blocks executed 100%
function _ZNSt8__detail5__modIjLj0ELj1ELj0EEET_S1_ called 524160 returned 100% blocks executed 100%
  1047480:  150:      __mod(_Tp __x)
   523320:  150-block  0
   524160:  150-block  1
  1047480:  151:      { return _Mod<_Tp, __m, __a, __c>::__calc(__x); }
   523320:  151-block  0
call    0 returned 523320
   524160:  151-block  1
call    1 returned 524160
        -:  152:
        -:  153:    /*
        -:  154:     * An adaptor class for converting the output of any Generator into
        -:  155:     * the input for a specific Distribution.
        -:  156:     */
        -:  157:    template<typename _Engine, typename _DInputType>
        -:  158:      struct _Adaptor
        -:  159:      {
        -:  160:	static_assert(std::is_floating_point<_DInputType>::value,
        -:  161:		      "template argument must be a floating point type");
        -:  162:
        -:  163:      public:
function _ZNSt8__detail8_AdaptorISt23mersenne_twister_engineIjLy32ELy624ELy397ELy31ELj2567483615ELy11ELj4294967295ELy7ELj2636928640ELy15ELj4022730752ELy18ELj1812433253EEdEC1ERS2_ called 341 returned 100% blocks executed 100%
      341:  164:	_Adaptor(_Engine& __g)
      341:  164-block  0
      341:  165:	: _M_g(__g) { }
        -:  166:
        -:  167:	_DInputType
        -:  168:	min() const
        -:  169:	{ return _DInputType(0); }
        -:  170:
        -:  171:	_DInputType
        -:  172:	max() const
        -:  173:	{ return _DInputType(1); }
        -:  174:
        -:  175:	/*
        -:  176:	 * Converts a value generated by the adapted random number generator
        -:  177:	 * into a value in the input domain for the dependent random number
        -:  178:	 * distribution.
        -:  179:	 */
        -:  180:	_DInputType
function _ZNSt8__detail8_AdaptorISt23mersenne_twister_engineIjLy32ELy624ELy397ELy31ELj2567483615ELy11ELj4294967295ELy7ELj2636928640ELy15ELj4022730752ELy18ELj1812433253EEdEclEv called 341 returned 100% blocks executed 100%
      341:  181:	operator()()
      341:  181-block  0
        -:  182:	{
        -:  183:	  return std::generate_canonical<_DInputType,
        -:  184:	                            std::numeric_limits<_DInputType>::digits,
      341:  185:	                            _Engine>(_M_g);
      341:  185-block  0
call    0 returned 341
        -:  186:	}
        -:  187:
        -:  188:      private:
        -:  189:	_Engine& _M_g;
        -:  190:      };
        -:  191:
        -:  192:  _GLIBCXX_END_NAMESPACE_VERSION
        -:  193:  } // namespace __detail
        -:  194:
        -:  195:_GLIBCXX_BEGIN_NAMESPACE_VERSION
        -:  196:
        -:  197:  /**
        -:  198:   * @addtogroup random_generators Random Number Generators
        -:  199:   * @ingroup random
        -:  200:   *
        -:  201:   * These classes define objects which provide random or pseudorandom
        -:  202:   * numbers, either from a discrete or a continuous interval.  The
        -:  203:   * random number generator supplied as a part of this library are
        -:  204:   * all uniform random number generators which provide a sequence of
        -:  205:   * random number uniformly distributed over their range.
        -:  206:   *
        -:  207:   * A number generator is a function object with an operator() that
        -:  208:   * takes zero arguments and returns a number.
        -:  209:   *
        -:  210:   * A compliant random number generator must satisfy the following
        -:  211:   * requirements.  <table border=1 cellpadding=10 cellspacing=0>
        -:  212:   * <caption align=top>Random Number Generator Requirements</caption>
        -:  213:   * <tr><td>To be documented.</td></tr> </table>
        -:  214:   *
        -:  215:   * @{
        -:  216:   */
        -:  217:
        -:  218:  /**
        -:  219:   * @brief A model of a linear congruential random number generator.
        -:  220:   *
        -:  221:   * A random number generator that produces pseudorandom numbers via
        -:  222:   * linear function:
        -:  223:   * @f[
        -:  224:   *     x_{i+1}\leftarrow(ax_{i} + c) \bmod m 
        -:  225:   * @f]
        -:  226:   *
        -:  227:   * The template parameter @p _UIntType must be an unsigned integral type
        -:  228:   * large enough to store values up to (__m-1). If the template parameter
        -:  229:   * @p __m is 0, the modulus @p __m used is
        -:  230:   * std::numeric_limits<_UIntType>::max() plus 1. Otherwise, the template
        -:  231:   * parameters @p __a and @p __c must be less than @p __m.
        -:  232:   *
        -:  233:   * The size of the state is @f$1@f$.
        -:  234:   */
        -:  235:  template<typename _UIntType, _UIntType __a, _UIntType __c, _UIntType __m>
        -:  236:    class linear_congruential_engine
        -:  237:    {
        -:  238:      static_assert(std::is_unsigned<_UIntType>::value,
        -:  239:		    "result_type must be an unsigned integral type");
        -:  240:      static_assert(__m == 0u || (__a < __m && __c < __m),
        -:  241:		    "template argument substituting __m out of bounds");
        -:  242:
        -:  243:    public:
        -:  244:      /** The type of the generated random value. */
        -:  245:      typedef _UIntType result_type;
        -:  246:
        -:  247:      /** The multiplier. */
        -:  248:      static constexpr result_type multiplier   = __a;
        -:  249:      /** An increment. */
        -:  250:      static constexpr result_type increment    = __c;
        -:  251:      /** The modulus. */
        -:  252:      static constexpr result_type modulus      = __m;
        -:  253:      static constexpr result_type default_seed = 1u;
        -:  254:
        -:  255:      /**
        -:  256:       * @brief Constructs a %linear_congruential_engine random number
        -:  257:       *        generator engine with seed @p __s.  The default seed value
        -:  258:       *        is 1.
        -:  259:       *
        -:  260:       * @param __s The initial seed value.
        -:  261:       */
        -:  262:      explicit
        -:  263:      linear_congruential_engine(result_type __s = default_seed)
        -:  264:      { seed(__s); }
        -:  265:
        -:  266:      /**
        -:  267:       * @brief Constructs a %linear_congruential_engine random number
        -:  268:       *        generator engine seeded from the seed sequence @p __q.
        -:  269:       *
        -:  270:       * @param __q the seed sequence.
        -:  271:       */
        -:  272:      template<typename _Sseq, typename = typename
        -:  273:	std::enable_if<!std::is_same<_Sseq, linear_congruential_engine>::value>
        -:  274:	       ::type>
        -:  275:        explicit
        -:  276:        linear_congruential_engine(_Sseq& __q)
        -:  277:        { seed(__q); }
        -:  278:
        -:  279:      /**
        -:  280:       * @brief Reseeds the %linear_congruential_engine random number generator
        -:  281:       *        engine sequence to the seed @p __s.
        -:  282:       *
        -:  283:       * @param __s The new seed.
        -:  284:       */
        -:  285:      void
        -:  286:      seed(result_type __s = default_seed);
        -:  287:
        -:  288:      /**
        -:  289:       * @brief Reseeds the %linear_congruential_engine random number generator
        -:  290:       *        engine
        -:  291:       * sequence using values from the seed sequence @p __q.
        -:  292:       *
        -:  293:       * @param __q the seed sequence.
        -:  294:       */
        -:  295:      template<typename _Sseq>
        -:  296:        typename std::enable_if<std::is_class<_Sseq>::value>::type
        -:  297:        seed(_Sseq& __q);
        -:  298:
        -:  299:      /**
        -:  300:       * @brief Gets the smallest possible value in the output range.
        -:  301:       *
        -:  302:       * The minimum depends on the @p __c parameter: if it is zero, the
        -:  303:       * minimum generated must be > 0, otherwise 0 is allowed.
        -:  304:       */
        -:  305:      static constexpr result_type
        -:  306:      min()
        -:  307:      { return __c == 0u ? 1u : 0u; }
        -:  308:
        -:  309:      /**
        -:  310:       * @brief Gets the largest possible value in the output range.
        -:  311:       */
        -:  312:      static constexpr result_type
        -:  313:      max()
        -:  314:      { return __m - 1u; }
        -:  315:
        -:  316:      /**
        -:  317:       * @brief Discard a sequence of random numbers.
        -:  318:       */
        -:  319:      void
        -:  320:      discard(unsigned long long __z)
        -:  321:      {
        -:  322:	for (; __z != 0ULL; --__z)
        -:  323:	  (*this)();
        -:  324:      }
        -:  325:
        -:  326:      /**
        -:  327:       * @brief Gets the next random number in the sequence.
        -:  328:       */
        -:  329:      result_type
        -:  330:      operator()()
        -:  331:      {
        -:  332:	_M_x = __detail::__mod<_UIntType, __m, __a, __c>(_M_x);
        -:  333:	return _M_x;
        -:  334:      }
        -:  335:
        -:  336:      /**
        -:  337:       * @brief Compares two linear congruential random number generator
        -:  338:       * objects of the same type for equality.
        -:  339:       *
        -:  340:       * @param __lhs A linear congruential random number generator object.
        -:  341:       * @param __rhs Another linear congruential random number generator
        -:  342:       *              object.
        -:  343:       *
        -:  344:       * @returns true if the infinite sequences of generated values
        -:  345:       *          would be equal, false otherwise.
        -:  346:       */
        -:  347:      friend bool
        -:  348:      operator==(const linear_congruential_engine& __lhs,
        -:  349:		 const linear_congruential_engine& __rhs)
        -:  350:      { return __lhs._M_x == __rhs._M_x; }
        -:  351:
        -:  352:      /**
        -:  353:       * @brief Writes the textual representation of the state x(i) of x to
        -:  354:       *        @p __os.
        -:  355:       *
        -:  356:       * @param __os  The output stream.
        -:  357:       * @param __lcr A % linear_congruential_engine random number generator.
        -:  358:       * @returns __os.
        -:  359:       */
        -:  360:      template<typename _UIntType1, _UIntType1 __a1, _UIntType1 __c1,
        -:  361:	       _UIntType1 __m1, typename _CharT, typename _Traits>
        -:  362:	friend std::basic_ostream<_CharT, _Traits>&
        -:  363:	operator<<(std::basic_ostream<_CharT, _Traits>& __os,
        -:  364:		   const std::linear_congruential_engine<_UIntType1,
        -:  365:		   __a1, __c1, __m1>& __lcr);
        -:  366:
        -:  367:      /**
        -:  368:       * @brief Sets the state of the engine by reading its textual
        -:  369:       *        representation from @p __is.
        -:  370:       *
        -:  371:       * The textual representation must have been previously written using
        -:  372:       * an output stream whose imbued locale and whose type's template
        -:  373:       * specialization arguments _CharT and _Traits were the same as those
        -:  374:       * of @p __is.
        -:  375:       *
        -:  376:       * @param __is  The input stream.
        -:  377:       * @param __lcr A % linear_congruential_engine random number generator.
        -:  378:       * @returns __is.
        -:  379:       */
        -:  380:      template<typename _UIntType1, _UIntType1 __a1, _UIntType1 __c1,
        -:  381:	       _UIntType1 __m1, typename _CharT, typename _Traits>
        -:  382:	friend std::basic_istream<_CharT, _Traits>&
        -:  383:	operator>>(std::basic_istream<_CharT, _Traits>& __is,
        -:  384:		   std::linear_congruential_engine<_UIntType1, __a1,
        -:  385:		   __c1, __m1>& __lcr);
        -:  386:
        -:  387:    private:
        -:  388:      _UIntType _M_x;
        -:  389:    };
        -:  390:
        -:  391:  /**
        -:  392:   * @brief Compares two linear congruential random number generator
        -:  393:   * objects of the same type for inequality.
        -:  394:   *
        -:  395:   * @param __lhs A linear congruential random number generator object.
        -:  396:   * @param __rhs Another linear congruential random number generator
        -:  397:   *              object.
        -:  398:   *
        -:  399:   * @returns true if the infinite sequences of generated values
        -:  400:   *          would be different, false otherwise.
        -:  401:   */
        -:  402:  template<typename _UIntType, _UIntType __a, _UIntType __c, _UIntType __m>
        -:  403:    inline bool
        -:  404:    operator!=(const std::linear_congruential_engine<_UIntType, __a,
        -:  405:	       __c, __m>& __lhs,
        -:  406:	       const std::linear_congruential_engine<_UIntType, __a,
        -:  407:	       __c, __m>& __rhs)
        -:  408:    { return !(__lhs == __rhs); }
        -:  409:
        -:  410:
        -:  411:  /**
        -:  412:   * A generalized feedback shift register discrete random number generator.
        -:  413:   *
        -:  414:   * This algorithm avoids multiplication and division and is designed to be
        -:  415:   * friendly to a pipelined architecture.  If the parameters are chosen
        -:  416:   * correctly, this generator will produce numbers with a very long period and
        -:  417:   * fairly good apparent entropy, although still not cryptographically strong.
        -:  418:   *
        -:  419:   * The best way to use this generator is with the predefined mt19937 class.
        -:  420:   *
        -:  421:   * This algorithm was originally invented by Makoto Matsumoto and
        -:  422:   * Takuji Nishimura.
        -:  423:   *
        -:  424:   * @tparam __w  Word size, the number of bits in each element of 
        -:  425:   *              the state vector.
        -:  426:   * @tparam __n  The degree of recursion.
        -:  427:   * @tparam __m  The period parameter.
        -:  428:   * @tparam __r  The separation point bit index.
        -:  429:   * @tparam __a  The last row of the twist matrix.
        -:  430:   * @tparam __u  The first right-shift tempering matrix parameter.
        -:  431:   * @tparam __d  The first right-shift tempering matrix mask.
        -:  432:   * @tparam __s  The first left-shift tempering matrix parameter.
        -:  433:   * @tparam __b  The first left-shift tempering matrix mask.
        -:  434:   * @tparam __t  The second left-shift tempering matrix parameter.
        -:  435:   * @tparam __c  The second left-shift tempering matrix mask.
        -:  436:   * @tparam __l  The second right-shift tempering matrix parameter.
        -:  437:   * @tparam __f  Initialization multiplier.
        -:  438:   */
        -:  439:  template<typename _UIntType, size_t __w,
        -:  440:	   size_t __n, size_t __m, size_t __r,
        -:  441:	   _UIntType __a, size_t __u, _UIntType __d, size_t __s,
        -:  442:	   _UIntType __b, size_t __t,
        -:  443:	   _UIntType __c, size_t __l, _UIntType __f>
        -:  444:    class mersenne_twister_engine
        -:  445:    {
        -:  446:      static_assert(std::is_unsigned<_UIntType>::value,
        -:  447:		    "result_type must be an unsigned integral type");
        -:  448:      static_assert(1u <= __m && __m <= __n,
        -:  449:		    "template argument substituting __m out of bounds");
        -:  450:      static_assert(__r <= __w, "template argument substituting "
        -:  451:		    "__r out of bound");
        -:  452:      static_assert(__u <= __w, "template argument substituting "
        -:  453:		    "__u out of bound");
        -:  454:      static_assert(__s <= __w, "template argument substituting "
        -:  455:		    "__s out of bound");
        -:  456:      static_assert(__t <= __w, "template argument substituting "
        -:  457:		    "__t out of bound");
        -:  458:      static_assert(__l <= __w, "template argument substituting "
        -:  459:		    "__l out of bound");
        -:  460:      static_assert(__w <= std::numeric_limits<_UIntType>::digits,
        -:  461:		    "template argument substituting __w out of bound");
        -:  462:      static_assert(__a <= (__detail::_Shift<_UIntType, __w>::__value - 1),
        -:  463:		    "template argument substituting __a out of bound");
        -:  464:      static_assert(__b <= (__detail::_Shift<_UIntType, __w>::__value - 1),
        -:  465:		    "template argument substituting __b out of bound");
        -:  466:      static_assert(__c <= (__detail::_Shift<_UIntType, __w>::__value - 1),
        -:  467:		    "template argument substituting __c out of bound");
        -:  468:      static_assert(__d <= (__detail::_Shift<_UIntType, __w>::__value - 1),
        -:  469:		    "template argument substituting __d out of bound");
        -:  470:      static_assert(__f <= (__detail::_Shift<_UIntType, __w>::__value - 1),
        -:  471:		    "template argument substituting __f out of bound");
        -:  472:
        -:  473:    public:
        -:  474:      /** The type of the generated random value. */
        -:  475:      typedef _UIntType result_type;
        -:  476:
        -:  477:      // parameter values
        -:  478:      static constexpr size_t      word_size                 = __w;
        -:  479:      static constexpr size_t      state_size                = __n;
        -:  480:      static constexpr size_t      shift_size                = __m;
        -:  481:      static constexpr size_t      mask_bits                 = __r;
        -:  482:      static constexpr result_type xor_mask                  = __a;
        -:  483:      static constexpr size_t      tempering_u               = __u;
        -:  484:      static constexpr result_type tempering_d               = __d;
        -:  485:      static constexpr size_t      tempering_s               = __s;
        -:  486:      static constexpr result_type tempering_b               = __b;
        -:  487:      static constexpr size_t      tempering_t               = __t;
        -:  488:      static constexpr result_type tempering_c               = __c;
        -:  489:      static constexpr size_t      tempering_l               = __l;
        -:  490:      static constexpr result_type initialization_multiplier = __f;
        -:  491:      static constexpr result_type default_seed = 5489u;
        -:  492:
        -:  493:      // constructors and member function
        -:  494:      explicit
        -:  495:      mersenne_twister_engine(result_type __sd = default_seed)
        -:  496:      { seed(__sd); }
        -:  497:
        -:  498:      /**
        -:  499:       * @brief Constructs a %mersenne_twister_engine random number generator
        -:  500:       *        engine seeded from the seed sequence @p __q.
        -:  501:       *
        -:  502:       * @param __q the seed sequence.
        -:  503:       */
        -:  504:      template<typename _Sseq, typename = typename
        -:  505:        std::enable_if<!std::is_same<_Sseq, mersenne_twister_engine>::value>
        -:  506:	       ::type>
        -:  507:        explicit
function _ZNSt23mersenne_twister_engineIjLy32ELy624ELy397ELy31ELj2567483615ELy11ELj4294967295ELy7ELj2636928640ELy15ELj4022730752ELy18ELj1812433253EEC1IxvEERT_ called 840 returned 100% blocks executed 100%
      840:  508:        mersenne_twister_engine(_Sseq& __q)
      840:  508-block  0
      840:  509:        { seed(__q); }
      840:  509-block  0
call    0 returned 840
        -:  510:
        -:  511:      void
        -:  512:      seed(result_type __sd = default_seed);
        -:  513:
        -:  514:      template<typename _Sseq>
        -:  515:	typename std::enable_if<std::is_class<_Sseq>::value>::type
        -:  516:        seed(_Sseq& __q);
        -:  517:
        -:  518:      /**
        -:  519:       * @brief Gets the smallest possible value in the output range.
        -:  520:       */
        -:  521:      static constexpr result_type
function _ZNSt23mersenne_twister_engineIjLy32ELy624ELy397ELy31ELj2567483615ELy11ELj4294967295ELy7ELj2636928640ELy15ELj4022730752ELy18ELj1812433253EE3minEv called 682 returned 100% blocks executed 100%
      682:  522:      min()
      682:  522-block  0
      682:  523:      { return 0; };
      682:  523-block  0
        -:  524:
        -:  525:      /**
        -:  526:       * @brief Gets the largest possible value in the output range.
        -:  527:       */
        -:  528:      static constexpr result_type
        -:  529:      max()
        -:  530:      { return __detail::_Shift<_UIntType, __w>::__value - 1; }
        -:  531:
        -:  532:      /**
        -:  533:       * @brief Discard a sequence of random numbers.
        -:  534:       */
        -:  535:      void
        -:  536:      discard(unsigned long long __z);
        -:  537:
        -:  538:      result_type
        -:  539:      operator()();
        -:  540:
        -:  541:      /**
        -:  542:       * @brief Compares two % mersenne_twister_engine random number generator
        -:  543:       *        objects of the same type for equality.
        -:  544:       *
        -:  545:       * @param __lhs A % mersenne_twister_engine random number generator
        -:  546:       *              object.
        -:  547:       * @param __rhs Another % mersenne_twister_engine random number
        -:  548:       *              generator object.
        -:  549:       *
        -:  550:       * @returns true if the infinite sequences of generated values
        -:  551:       *          would be equal, false otherwise.
        -:  552:       */
        -:  553:      friend bool
        -:  554:      operator==(const mersenne_twister_engine& __lhs,
        -:  555:		 const mersenne_twister_engine& __rhs)
        -:  556:      { return (std::equal(__lhs._M_x, __lhs._M_x + state_size, __rhs._M_x)
        -:  557:		&& __lhs._M_p == __rhs._M_p); }
        -:  558:
        -:  559:      /**
        -:  560:       * @brief Inserts the current state of a % mersenne_twister_engine
        -:  561:       *        random number generator engine @p __x into the output stream
        -:  562:       *        @p __os.
        -:  563:       *
        -:  564:       * @param __os An output stream.
        -:  565:       * @param __x  A % mersenne_twister_engine random number generator
        -:  566:       *             engine.
        -:  567:       *
        -:  568:       * @returns The output stream with the state of @p __x inserted or in
        -:  569:       * an error state.
        -:  570:       */
        -:  571:      template<typename _UIntType1,
        -:  572:	       size_t __w1, size_t __n1,
        -:  573:	       size_t __m1, size_t __r1,
        -:  574:	       _UIntType1 __a1, size_t __u1,
        -:  575:	       _UIntType1 __d1, size_t __s1,
        -:  576:	       _UIntType1 __b1, size_t __t1,
        -:  577:	       _UIntType1 __c1, size_t __l1, _UIntType1 __f1,
        -:  578:	       typename _CharT, typename _Traits>
        -:  579:	friend std::basic_ostream<_CharT, _Traits>&
        -:  580:	operator<<(std::basic_ostream<_CharT, _Traits>& __os,
        -:  581:		   const std::mersenne_twister_engine<_UIntType1, __w1, __n1,
        -:  582:		   __m1, __r1, __a1, __u1, __d1, __s1, __b1, __t1, __c1,
        -:  583:		   __l1, __f1>& __x);
        -:  584:
        -:  585:      /**
        -:  586:       * @brief Extracts the current state of a % mersenne_twister_engine
        -:  587:       *        random number generator engine @p __x from the input stream
        -:  588:       *        @p __is.
        -:  589:       *
        -:  590:       * @param __is An input stream.
        -:  591:       * @param __x  A % mersenne_twister_engine random number generator
        -:  592:       *             engine.
        -:  593:       *
        -:  594:       * @returns The input stream with the state of @p __x extracted or in
        -:  595:       * an error state.
        -:  596:       */
        -:  597:      template<typename _UIntType1,
        -:  598:	       size_t __w1, size_t __n1,
        -:  599:	       size_t __m1, size_t __r1,
        -:  600:	       _UIntType1 __a1, size_t __u1,
        -:  601:	       _UIntType1 __d1, size_t __s1,
        -:  602:	       _UIntType1 __b1, size_t __t1,
        -:  603:	       _UIntType1 __c1, size_t __l1, _UIntType1 __f1,
        -:  604:	       typename _CharT, typename _Traits>
        -:  605:	friend std::basic_istream<_CharT, _Traits>&
        -:  606:	operator>>(std::basic_istream<_CharT, _Traits>& __is,
        -:  607:		   std::mersenne_twister_engine<_UIntType1, __w1, __n1, __m1,
        -:  608:		   __r1, __a1, __u1, __d1, __s1, __b1, __t1, __c1,
        -:  609:		   __l1, __f1>& __x);
        -:  610:
        -:  611:    private:
        -:  612:      void _M_gen_rand();
        -:  613:
        -:  614:      _UIntType _M_x[state_size];
        -:  615:      size_t    _M_p;
        -:  616:    };
        -:  617:
        -:  618:  /**
        -:  619:   * @brief Compares two % mersenne_twister_engine random number generator
        -:  620:   *        objects of the same type for inequality.
        -:  621:   *
        -:  622:   * @param __lhs A % mersenne_twister_engine random number generator
        -:  623:   *              object.
        -:  624:   * @param __rhs Another % mersenne_twister_engine random number
        -:  625:   *              generator object.
        -:  626:   *
        -:  627:   * @returns true if the infinite sequences of generated values
        -:  628:   *          would be different, false otherwise.
        -:  629:   */
        -:  630:  template<typename _UIntType, size_t __w,
        -:  631:	   size_t __n, size_t __m, size_t __r,
        -:  632:	   _UIntType __a, size_t __u, _UIntType __d, size_t __s,
        -:  633:	   _UIntType __b, size_t __t,
        -:  634:	   _UIntType __c, size_t __l, _UIntType __f>
        -:  635:    inline bool
        -:  636:    operator!=(const std::mersenne_twister_engine<_UIntType, __w, __n, __m,
        -:  637:	       __r, __a, __u, __d, __s, __b, __t, __c, __l, __f>& __lhs,
        -:  638:	       const std::mersenne_twister_engine<_UIntType, __w, __n, __m,
        -:  639:	       __r, __a, __u, __d, __s, __b, __t, __c, __l, __f>& __rhs)
        -:  640:    { return !(__lhs == __rhs); }
        -:  641:
        -:  642:
        -:  643:  /**
        -:  644:   * @brief The Marsaglia-Zaman generator.
        -:  645:   *
        -:  646:   * This is a model of a Generalized Fibonacci discrete random number
        -:  647:   * generator, sometimes referred to as the SWC generator.
        -:  648:   *
        -:  649:   * A discrete random number generator that produces pseudorandom
        -:  650:   * numbers using:
        -:  651:   * @f[
        -:  652:   *     x_{i}\leftarrow(x_{i - s} - x_{i - r} - carry_{i-1}) \bmod m 
        -:  653:   * @f]
        -:  654:   *
        -:  655:   * The size of the state is @f$r@f$
        -:  656:   * and the maximum period of the generator is @f$(m^r - m^s - 1)@f$.
        -:  657:   */
        -:  658:  template<typename _UIntType, size_t __w, size_t __s, size_t __r>
        -:  659:    class subtract_with_carry_engine
        -:  660:    {
        -:  661:      static_assert(std::is_unsigned<_UIntType>::value,
        -:  662:		    "result_type must be an unsigned integral type");
        -:  663:      static_assert(0u < __s && __s < __r,
        -:  664:		    "0 < s < r");
        -:  665:      static_assert(0u < __w && __w <= std::numeric_limits<_UIntType>::digits,
        -:  666:		    "template argument substituting __w out of bounds");
        -:  667:
        -:  668:    public:
        -:  669:      /** The type of the generated random value. */
        -:  670:      typedef _UIntType result_type;
        -:  671:
        -:  672:      // parameter values
        -:  673:      static constexpr size_t      word_size    = __w;
        -:  674:      static constexpr size_t      short_lag    = __s;
        -:  675:      static constexpr size_t      long_lag     = __r;
        -:  676:      static constexpr result_type default_seed = 19780503u;
        -:  677:
        -:  678:      /**
        -:  679:       * @brief Constructs an explicitly seeded % subtract_with_carry_engine
        -:  680:       *        random number generator.
        -:  681:       */
        -:  682:      explicit
        -:  683:      subtract_with_carry_engine(result_type __sd = default_seed)
        -:  684:      { seed(__sd); }
        -:  685:
        -:  686:      /**
        -:  687:       * @brief Constructs a %subtract_with_carry_engine random number engine
        -:  688:       *        seeded from the seed sequence @p __q.
        -:  689:       *
        -:  690:       * @param __q the seed sequence.
        -:  691:       */
        -:  692:      template<typename _Sseq, typename = typename
        -:  693:        std::enable_if<!std::is_same<_Sseq, subtract_with_carry_engine>::value>
        -:  694:	       ::type>
        -:  695:        explicit
        -:  696:        subtract_with_carry_engine(_Sseq& __q)
        -:  697:        { seed(__q); }
        -:  698:
        -:  699:      /**
        -:  700:       * @brief Seeds the initial state @f$x_0@f$ of the random number
        -:  701:       *        generator.
        -:  702:       *
        -:  703:       * N1688[4.19] modifies this as follows.  If @p __value == 0,
        -:  704:       * sets value to 19780503.  In any case, with a linear
        -:  705:       * congruential generator lcg(i) having parameters @f$ m_{lcg} =
        -:  706:       * 2147483563, a_{lcg} = 40014, c_{lcg} = 0, and lcg(0) = value
        -:  707:       * @f$, sets @f$ x_{-r} \dots x_{-1} @f$ to @f$ lcg(1) \bmod m
        -:  708:       * \dots lcg(r) \bmod m @f$ respectively.  If @f$ x_{-1} = 0 @f$
        -:  709:       * set carry to 1, otherwise sets carry to 0.
        -:  710:       */
        -:  711:      void
        -:  712:      seed(result_type __sd = default_seed);
        -:  713:
        -:  714:      /**
        -:  715:       * @brief Seeds the initial state @f$x_0@f$ of the
        -:  716:       * % subtract_with_carry_engine random number generator.
        -:  717:       */
        -:  718:      template<typename _Sseq>
        -:  719:	typename std::enable_if<std::is_class<_Sseq>::value>::type
        -:  720:        seed(_Sseq& __q);
        -:  721:
        -:  722:      /**
        -:  723:       * @brief Gets the inclusive minimum value of the range of random
        -:  724:       * integers returned by this generator.
        -:  725:       */
        -:  726:      static constexpr result_type
        -:  727:      min()
        -:  728:      { return 0; }
        -:  729:
        -:  730:      /**
        -:  731:       * @brief Gets the inclusive maximum value of the range of random
        -:  732:       * integers returned by this generator.
        -:  733:       */
        -:  734:      static constexpr result_type
        -:  735:      max()
        -:  736:      { return __detail::_Shift<_UIntType, __w>::__value - 1; }
        -:  737:
        -:  738:      /**
        -:  739:       * @brief Discard a sequence of random numbers.
        -:  740:       */
        -:  741:      void
        -:  742:      discard(unsigned long long __z)
        -:  743:      {
        -:  744:	for (; __z != 0ULL; --__z)
        -:  745:	  (*this)();
        -:  746:      }
        -:  747:
        -:  748:      /**
        -:  749:       * @brief Gets the next random number in the sequence.
        -:  750:       */
        -:  751:      result_type
        -:  752:      operator()();
        -:  753:
        -:  754:      /**
        -:  755:       * @brief Compares two % subtract_with_carry_engine random number
        -:  756:       *        generator objects of the same type for equality.
        -:  757:       *
        -:  758:       * @param __lhs A % subtract_with_carry_engine random number generator
        -:  759:       *              object.
        -:  760:       * @param __rhs Another % subtract_with_carry_engine random number
        -:  761:       *              generator object.
        -:  762:       *
        -:  763:       * @returns true if the infinite sequences of generated values
        -:  764:       *          would be equal, false otherwise.
        -:  765:      */
        -:  766:      friend bool
        -:  767:      operator==(const subtract_with_carry_engine& __lhs,
        -:  768:		 const subtract_with_carry_engine& __rhs)
        -:  769:      { return (std::equal(__lhs._M_x, __lhs._M_x + long_lag, __rhs._M_x)
        -:  770:		&& __lhs._M_carry == __rhs._M_carry
        -:  771:		&& __lhs._M_p == __rhs._M_p); }
        -:  772:
        -:  773:      /**
        -:  774:       * @brief Inserts the current state of a % subtract_with_carry_engine
        -:  775:       *        random number generator engine @p __x into the output stream
        -:  776:       *        @p __os.
        -:  777:       *
        -:  778:       * @param __os An output stream.
        -:  779:       * @param __x  A % subtract_with_carry_engine random number generator
        -:  780:       *             engine.
        -:  781:       *
        -:  782:       * @returns The output stream with the state of @p __x inserted or in
        -:  783:       * an error state.
        -:  784:       */
        -:  785:      template<typename _UIntType1, size_t __w1, size_t __s1, size_t __r1,
        -:  786:	       typename _CharT, typename _Traits>
        -:  787:	friend std::basic_ostream<_CharT, _Traits>&
        -:  788:	operator<<(std::basic_ostream<_CharT, _Traits>& __os,
        -:  789:		   const std::subtract_with_carry_engine<_UIntType1, __w1,
        -:  790:		   __s1, __r1>& __x);
        -:  791:
        -:  792:      /**
        -:  793:       * @brief Extracts the current state of a % subtract_with_carry_engine
        -:  794:       *        random number generator engine @p __x from the input stream
        -:  795:       *        @p __is.
        -:  796:       *
        -:  797:       * @param __is An input stream.
        -:  798:       * @param __x  A % subtract_with_carry_engine random number generator
        -:  799:       *             engine.
        -:  800:       *
        -:  801:       * @returns The input stream with the state of @p __x extracted or in
        -:  802:       * an error state.
        -:  803:       */
        -:  804:      template<typename _UIntType1, size_t __w1, size_t __s1, size_t __r1,
        -:  805:	       typename _CharT, typename _Traits>
        -:  806:	friend std::basic_istream<_CharT, _Traits>&
        -:  807:	operator>>(std::basic_istream<_CharT, _Traits>& __is,
        -:  808:		   std::subtract_with_carry_engine<_UIntType1, __w1,
        -:  809:		   __s1, __r1>& __x);
        -:  810:
        -:  811:    private:
        -:  812:      /// The state of the generator.  This is a ring buffer.
        -:  813:      _UIntType  _M_x[long_lag];
        -:  814:      _UIntType  _M_carry;		///< The carry
        -:  815:      size_t     _M_p;			///< Current index of x(i - r).
        -:  816:    };
        -:  817:
        -:  818:  /**
        -:  819:   * @brief Compares two % subtract_with_carry_engine random number
        -:  820:   *        generator objects of the same type for inequality.
        -:  821:   *
        -:  822:   * @param __lhs A % subtract_with_carry_engine random number generator
        -:  823:   *              object.
        -:  824:   * @param __rhs Another % subtract_with_carry_engine random number
        -:  825:   *              generator object.
        -:  826:   *
        -:  827:   * @returns true if the infinite sequences of generated values
        -:  828:   *          would be different, false otherwise.
        -:  829:   */
        -:  830:  template<typename _UIntType, size_t __w, size_t __s, size_t __r>
        -:  831:    inline bool
        -:  832:    operator!=(const std::subtract_with_carry_engine<_UIntType, __w,
        -:  833:	       __s, __r>& __lhs,
        -:  834:	       const std::subtract_with_carry_engine<_UIntType, __w,
        -:  835:	       __s, __r>& __rhs)
        -:  836:    { return !(__lhs == __rhs); }
        -:  837:
        -:  838:
        -:  839:  /**
        -:  840:   * Produces random numbers from some base engine by discarding blocks of
        -:  841:   * data.
        -:  842:   *
        -:  843:   * 0 <= @p __r <= @p __p
        -:  844:   */
        -:  845:  template<typename _RandomNumberEngine, size_t __p, size_t __r>
        -:  846:    class discard_block_engine
        -:  847:    {
        -:  848:      static_assert(1 <= __r && __r <= __p,
        -:  849:		    "template argument substituting __r out of bounds");
        -:  850:
        -:  851:    public:
        -:  852:      /** The type of the generated random value. */
        -:  853:      typedef typename _RandomNumberEngine::result_type result_type;
        -:  854:
        -:  855:      // parameter values
        -:  856:      static constexpr size_t block_size = __p;
        -:  857:      static constexpr size_t used_block = __r;
        -:  858:
        -:  859:      /**
        -:  860:       * @brief Constructs a default %discard_block_engine engine.
        -:  861:       *
        -:  862:       * The underlying engine is default constructed as well.
        -:  863:       */
        -:  864:      discard_block_engine()
        -:  865:      : _M_b(), _M_n(0) { }
        -:  866:
        -:  867:      /**
        -:  868:       * @brief Copy constructs a %discard_block_engine engine.
        -:  869:       *
        -:  870:       * Copies an existing base class random number generator.
        -:  871:       * @param __rng An existing (base class) engine object.
        -:  872:       */
        -:  873:      explicit
        -:  874:      discard_block_engine(const _RandomNumberEngine& __rng)
        -:  875:      : _M_b(__rng), _M_n(0) { }
        -:  876:
        -:  877:      /**
        -:  878:       * @brief Move constructs a %discard_block_engine engine.
        -:  879:       *
        -:  880:       * Copies an existing base class random number generator.
        -:  881:       * @param __rng An existing (base class) engine object.
        -:  882:       */
        -:  883:      explicit
        -:  884:      discard_block_engine(_RandomNumberEngine&& __rng)
        -:  885:      : _M_b(std::move(__rng)), _M_n(0) { }
        -:  886:
        -:  887:      /**
        -:  888:       * @brief Seed constructs a %discard_block_engine engine.
        -:  889:       *
        -:  890:       * Constructs the underlying generator engine seeded with @p __s.
        -:  891:       * @param __s A seed value for the base class engine.
        -:  892:       */
        -:  893:      explicit
        -:  894:      discard_block_engine(result_type __s)
        -:  895:      : _M_b(__s), _M_n(0) { }
        -:  896:
        -:  897:      /**
        -:  898:       * @brief Generator construct a %discard_block_engine engine.
        -:  899:       *
        -:  900:       * @param __q A seed sequence.
        -:  901:       */
        -:  902:      template<typename _Sseq, typename = typename
        -:  903:	std::enable_if<!std::is_same<_Sseq, discard_block_engine>::value
        -:  904:		       && !std::is_same<_Sseq, _RandomNumberEngine>::value>
        -:  905:	       ::type>
        -:  906:        explicit
        -:  907:        discard_block_engine(_Sseq& __q)
        -:  908:	: _M_b(__q), _M_n(0)
        -:  909:        { }
        -:  910:
        -:  911:      /**
        -:  912:       * @brief Reseeds the %discard_block_engine object with the default
        -:  913:       *        seed for the underlying base class generator engine.
        -:  914:       */
        -:  915:      void
        -:  916:      seed()
        -:  917:      {
        -:  918:	_M_b.seed();
        -:  919:	_M_n = 0;
        -:  920:      }
        -:  921:
        -:  922:      /**
        -:  923:       * @brief Reseeds the %discard_block_engine object with the default
        -:  924:       *        seed for the underlying base class generator engine.
        -:  925:       */
        -:  926:      void
        -:  927:      seed(result_type __s)
        -:  928:      {
        -:  929:	_M_b.seed(__s);
        -:  930:	_M_n = 0;
        -:  931:      }
        -:  932:
        -:  933:      /**
        -:  934:       * @brief Reseeds the %discard_block_engine object with the given seed
        -:  935:       *        sequence.
        -:  936:       * @param __q A seed generator function.
        -:  937:       */
        -:  938:      template<typename _Sseq>
        -:  939:        void
        -:  940:        seed(_Sseq& __q)
        -:  941:        {
        -:  942:	  _M_b.seed(__q);
        -:  943:	  _M_n = 0;
        -:  944:	}
        -:  945:
        -:  946:      /**
        -:  947:       * @brief Gets a const reference to the underlying generator engine
        -:  948:       *        object.
        -:  949:       */
        -:  950:      const _RandomNumberEngine&
        -:  951:      base() const noexcept
        -:  952:      { return _M_b; }
        -:  953:
        -:  954:      /**
        -:  955:       * @brief Gets the minimum value in the generated random number range.
        -:  956:       */
        -:  957:      static constexpr result_type
        -:  958:      min()
        -:  959:      { return _RandomNumberEngine::min(); }
        -:  960:
        -:  961:      /**
        -:  962:       * @brief Gets the maximum value in the generated random number range.
        -:  963:       */
        -:  964:      static constexpr result_type
        -:  965:      max()
        -:  966:      { return _RandomNumberEngine::max(); }
        -:  967:
        -:  968:      /**
        -:  969:       * @brief Discard a sequence of random numbers.
        -:  970:       */
        -:  971:      void
        -:  972:      discard(unsigned long long __z)
        -:  973:      {
        -:  974:	for (; __z != 0ULL; --__z)
        -:  975:	  (*this)();
        -:  976:      }
        -:  977:
        -:  978:      /**
        -:  979:       * @brief Gets the next value in the generated random number sequence.
        -:  980:       */
        -:  981:      result_type
        -:  982:      operator()();
        -:  983:
        -:  984:      /**
        -:  985:       * @brief Compares two %discard_block_engine random number generator
        -:  986:       *        objects of the same type for equality.
        -:  987:       *
        -:  988:       * @param __lhs A %discard_block_engine random number generator object.
        -:  989:       * @param __rhs Another %discard_block_engine random number generator
        -:  990:       *              object.
        -:  991:       *
        -:  992:       * @returns true if the infinite sequences of generated values
        -:  993:       *          would be equal, false otherwise.
        -:  994:       */
        -:  995:      friend bool
        -:  996:      operator==(const discard_block_engine& __lhs,
        -:  997:		 const discard_block_engine& __rhs)
        -:  998:      { return __lhs._M_b == __rhs._M_b && __lhs._M_n == __rhs._M_n; }
        -:  999:
        -: 1000:      /**
        -: 1001:       * @brief Inserts the current state of a %discard_block_engine random
        -: 1002:       *        number generator engine @p __x into the output stream
        -: 1003:       *        @p __os.
        -: 1004:       *
        -: 1005:       * @param __os An output stream.
        -: 1006:       * @param __x  A %discard_block_engine random number generator engine.
        -: 1007:       *
        -: 1008:       * @returns The output stream with the state of @p __x inserted or in
        -: 1009:       * an error state.
        -: 1010:       */
        -: 1011:      template<typename _RandomNumberEngine1, size_t __p1, size_t __r1,
        -: 1012:	       typename _CharT, typename _Traits>
        -: 1013:	friend std::basic_ostream<_CharT, _Traits>&
        -: 1014:	operator<<(std::basic_ostream<_CharT, _Traits>& __os,
        -: 1015:		   const std::discard_block_engine<_RandomNumberEngine1,
        -: 1016:		   __p1, __r1>& __x);
        -: 1017:
        -: 1018:      /**
        -: 1019:       * @brief Extracts the current state of a % subtract_with_carry_engine
        -: 1020:       *        random number generator engine @p __x from the input stream
        -: 1021:       *        @p __is.
        -: 1022:       *
        -: 1023:       * @param __is An input stream.
        -: 1024:       * @param __x  A %discard_block_engine random number generator engine.
        -: 1025:       *
        -: 1026:       * @returns The input stream with the state of @p __x extracted or in
        -: 1027:       * an error state.
        -: 1028:       */
        -: 1029:      template<typename _RandomNumberEngine1, size_t __p1, size_t __r1,
        -: 1030:	       typename _CharT, typename _Traits>
        -: 1031:	friend std::basic_istream<_CharT, _Traits>&
        -: 1032:	operator>>(std::basic_istream<_CharT, _Traits>& __is,
        -: 1033:		   std::discard_block_engine<_RandomNumberEngine1,
        -: 1034:		   __p1, __r1>& __x);
        -: 1035:
        -: 1036:    private:
        -: 1037:      _RandomNumberEngine _M_b;
        -: 1038:      size_t _M_n;
        -: 1039:    };
        -: 1040:
        -: 1041:  /**
        -: 1042:   * @brief Compares two %discard_block_engine random number generator
        -: 1043:   *        objects of the same type for inequality.
        -: 1044:   *
        -: 1045:   * @param __lhs A %discard_block_engine random number generator object.
        -: 1046:   * @param __rhs Another %discard_block_engine random number generator
        -: 1047:   *              object.
        -: 1048:   *
        -: 1049:   * @returns true if the infinite sequences of generated values
        -: 1050:   *          would be different, false otherwise.
        -: 1051:   */
        -: 1052:  template<typename _RandomNumberEngine, size_t __p, size_t __r>
        -: 1053:    inline bool
        -: 1054:    operator!=(const std::discard_block_engine<_RandomNumberEngine, __p,
        -: 1055:	       __r>& __lhs,
        -: 1056:	       const std::discard_block_engine<_RandomNumberEngine, __p,
        -: 1057:	       __r>& __rhs)
        -: 1058:    { return !(__lhs == __rhs); }
        -: 1059:
        -: 1060:
        -: 1061:  /**
        -: 1062:   * Produces random numbers by combining random numbers from some base
        -: 1063:   * engine to produce random numbers with a specifies number of bits @p __w.
        -: 1064:   */
        -: 1065:  template<typename _RandomNumberEngine, size_t __w, typename _UIntType>
        -: 1066:    class independent_bits_engine
        -: 1067:    {
        -: 1068:      static_assert(std::is_unsigned<_UIntType>::value,
        -: 1069:		    "result_type must be an unsigned integral type");
        -: 1070:      static_assert(0u < __w && __w <= std::numeric_limits<_UIntType>::digits,
        -: 1071:		    "template argument substituting __w out of bounds");
        -: 1072:
        -: 1073:    public:
        -: 1074:      /** The type of the generated random value. */
        -: 1075:      typedef _UIntType result_type;
        -: 1076:
        -: 1077:      /**
        -: 1078:       * @brief Constructs a default %independent_bits_engine engine.
        -: 1079:       *
        -: 1080:       * The underlying engine is default constructed as well.
        -: 1081:       */
        -: 1082:      independent_bits_engine()
        -: 1083:      : _M_b() { }
        -: 1084:
        -: 1085:      /**
        -: 1086:       * @brief Copy constructs a %independent_bits_engine engine.
        -: 1087:       *
        -: 1088:       * Copies an existing base class random number generator.
        -: 1089:       * @param __rng An existing (base class) engine object.
        -: 1090:       */
        -: 1091:      explicit
        -: 1092:      independent_bits_engine(const _RandomNumberEngine& __rng)
        -: 1093:      : _M_b(__rng) { }
        -: 1094:
        -: 1095:      /**
        -: 1096:       * @brief Move constructs a %independent_bits_engine engine.
        -: 1097:       *
        -: 1098:       * Copies an existing base class random number generator.
        -: 1099:       * @param __rng An existing (base class) engine object.
        -: 1100:       */
        -: 1101:      explicit
        -: 1102:      independent_bits_engine(_RandomNumberEngine&& __rng)
        -: 1103:      : _M_b(std::move(__rng)) { }
        -: 1104:
        -: 1105:      /**
        -: 1106:       * @brief Seed constructs a %independent_bits_engine engine.
        -: 1107:       *
        -: 1108:       * Constructs the underlying generator engine seeded with @p __s.
        -: 1109:       * @param __s A seed value for the base class engine.
        -: 1110:       */
        -: 1111:      explicit
        -: 1112:      independent_bits_engine(result_type __s)
        -: 1113:      : _M_b(__s) { }
        -: 1114:
        -: 1115:      /**
        -: 1116:       * @brief Generator construct a %independent_bits_engine engine.
        -: 1117:       *
        -: 1118:       * @param __q A seed sequence.
        -: 1119:       */
        -: 1120:      template<typename _Sseq, typename = typename
        -: 1121:	std::enable_if<!std::is_same<_Sseq, independent_bits_engine>::value
        -: 1122:		       && !std::is_same<_Sseq, _RandomNumberEngine>::value>
        -: 1123:               ::type>
        -: 1124:        explicit
        -: 1125:        independent_bits_engine(_Sseq& __q)
        -: 1126:        : _M_b(__q)
        -: 1127:        { }
        -: 1128:
        -: 1129:      /**
        -: 1130:       * @brief Reseeds the %independent_bits_engine object with the default
        -: 1131:       *        seed for the underlying base class generator engine.
        -: 1132:       */
        -: 1133:      void
        -: 1134:      seed()
        -: 1135:      { _M_b.seed(); }
        -: 1136:
        -: 1137:      /**
        -: 1138:       * @brief Reseeds the %independent_bits_engine object with the default
        -: 1139:       *        seed for the underlying base class generator engine.
        -: 1140:       */
        -: 1141:      void
        -: 1142:      seed(result_type __s)
        -: 1143:      { _M_b.seed(__s); }
        -: 1144:
        -: 1145:      /**
        -: 1146:       * @brief Reseeds the %independent_bits_engine object with the given
        -: 1147:       *        seed sequence.
        -: 1148:       * @param __q A seed generator function.
        -: 1149:       */
        -: 1150:      template<typename _Sseq>
        -: 1151:        void
        -: 1152:        seed(_Sseq& __q)
        -: 1153:        { _M_b.seed(__q); }
        -: 1154:
        -: 1155:      /**
        -: 1156:       * @brief Gets a const reference to the underlying generator engine
        -: 1157:       *        object.
        -: 1158:       */
        -: 1159:      const _RandomNumberEngine&
        -: 1160:      base() const noexcept
        -: 1161:      { return _M_b; }
        -: 1162:
        -: 1163:      /**
        -: 1164:       * @brief Gets the minimum value in the generated random number range.
        -: 1165:       */
        -: 1166:      static constexpr result_type
        -: 1167:      min()
        -: 1168:      { return 0U; }
        -: 1169:
        -: 1170:      /**
        -: 1171:       * @brief Gets the maximum value in the generated random number range.
        -: 1172:       */
        -: 1173:      static constexpr result_type
        -: 1174:      max()
        -: 1175:      { return __detail::_Shift<_UIntType, __w>::__value - 1; }
        -: 1176:
        -: 1177:      /**
        -: 1178:       * @brief Discard a sequence of random numbers.
        -: 1179:       */
        -: 1180:      void
        -: 1181:      discard(unsigned long long __z)
        -: 1182:      {
        -: 1183:	for (; __z != 0ULL; --__z)
        -: 1184:	  (*this)();
        -: 1185:      }
        -: 1186:
        -: 1187:      /**
        -: 1188:       * @brief Gets the next value in the generated random number sequence.
        -: 1189:       */
        -: 1190:      result_type
        -: 1191:      operator()();
        -: 1192:
        -: 1193:      /**
        -: 1194:       * @brief Compares two %independent_bits_engine random number generator
        -: 1195:       * objects of the same type for equality.
        -: 1196:       *
        -: 1197:       * @param __lhs A %independent_bits_engine random number generator
        -: 1198:       *              object.
        -: 1199:       * @param __rhs Another %independent_bits_engine random number generator
        -: 1200:       *              object.
        -: 1201:       *
        -: 1202:       * @returns true if the infinite sequences of generated values
        -: 1203:       *          would be equal, false otherwise.
        -: 1204:       */
        -: 1205:      friend bool
        -: 1206:      operator==(const independent_bits_engine& __lhs,
        -: 1207:		 const independent_bits_engine& __rhs)
        -: 1208:      { return __lhs._M_b == __rhs._M_b; }
        -: 1209:
        -: 1210:      /**
        -: 1211:       * @brief Extracts the current state of a % subtract_with_carry_engine
        -: 1212:       *        random number generator engine @p __x from the input stream
        -: 1213:       *        @p __is.
        -: 1214:       *
        -: 1215:       * @param __is An input stream.
        -: 1216:       * @param __x  A %independent_bits_engine random number generator
        -: 1217:       *             engine.
        -: 1218:       *
        -: 1219:       * @returns The input stream with the state of @p __x extracted or in
        -: 1220:       *          an error state.
        -: 1221:       */
        -: 1222:      template<typename _CharT, typename _Traits>
        -: 1223:	friend std::basic_istream<_CharT, _Traits>&
        -: 1224:	operator>>(std::basic_istream<_CharT, _Traits>& __is,
        -: 1225:		   std::independent_bits_engine<_RandomNumberEngine,
        -: 1226:		   __w, _UIntType>& __x)
        -: 1227:	{
        -: 1228:	  __is >> __x._M_b;
        -: 1229:	  return __is;
        -: 1230:	}
        -: 1231:
        -: 1232:    private:
        -: 1233:      _RandomNumberEngine _M_b;
        -: 1234:    };
        -: 1235:
        -: 1236:  /**
        -: 1237:   * @brief Compares two %independent_bits_engine random number generator
        -: 1238:   * objects of the same type for inequality.
        -: 1239:   *
        -: 1240:   * @param __lhs A %independent_bits_engine random number generator
        -: 1241:   *              object.
        -: 1242:   * @param __rhs Another %independent_bits_engine random number generator
        -: 1243:   *              object.
        -: 1244:   *
        -: 1245:   * @returns true if the infinite sequences of generated values
        -: 1246:   *          would be different, false otherwise.
        -: 1247:   */
        -: 1248:  template<typename _RandomNumberEngine, size_t __w, typename _UIntType>
        -: 1249:    inline bool
        -: 1250:    operator!=(const std::independent_bits_engine<_RandomNumberEngine, __w,
        -: 1251:	       _UIntType>& __lhs,
        -: 1252:	       const std::independent_bits_engine<_RandomNumberEngine, __w,
        -: 1253:	       _UIntType>& __rhs)
        -: 1254:    { return !(__lhs == __rhs); }
        -: 1255:
        -: 1256:  /**
        -: 1257:   * @brief Inserts the current state of a %independent_bits_engine random
        -: 1258:   *        number generator engine @p __x into the output stream @p __os.
        -: 1259:   *
        -: 1260:   * @param __os An output stream.
        -: 1261:   * @param __x  A %independent_bits_engine random number generator engine.
        -: 1262:   *
        -: 1263:   * @returns The output stream with the state of @p __x inserted or in
        -: 1264:   *          an error state.
        -: 1265:   */
        -: 1266:  template<typename _RandomNumberEngine, size_t __w, typename _UIntType,
        -: 1267:	   typename _CharT, typename _Traits>
        -: 1268:    std::basic_ostream<_CharT, _Traits>&
        -: 1269:    operator<<(std::basic_ostream<_CharT, _Traits>& __os,
        -: 1270:	       const std::independent_bits_engine<_RandomNumberEngine,
        -: 1271:	       __w, _UIntType>& __x)
        -: 1272:    {
        -: 1273:      __os << __x.base();
        -: 1274:      return __os;
        -: 1275:    }
        -: 1276:
        -: 1277:
        -: 1278:  /**
        -: 1279:   * @brief Produces random numbers by combining random numbers from some
        -: 1280:   * base engine to produce random numbers with a specifies number of bits
        -: 1281:   * @p __k.
        -: 1282:   */
        -: 1283:  template<typename _RandomNumberEngine, size_t __k>
        -: 1284:    class shuffle_order_engine
        -: 1285:    {
        -: 1286:      static_assert(1u <= __k, "template argument substituting "
        -: 1287:		    "__k out of bound");
        -: 1288:
        -: 1289:    public:
        -: 1290:      /** The type of the generated random value. */
        -: 1291:      typedef typename _RandomNumberEngine::result_type result_type;
        -: 1292:
        -: 1293:      static constexpr size_t table_size = __k;
        -: 1294:
        -: 1295:      /**
        -: 1296:       * @brief Constructs a default %shuffle_order_engine engine.
        -: 1297:       *
        -: 1298:       * The underlying engine is default constructed as well.
        -: 1299:       */
        -: 1300:      shuffle_order_engine()
        -: 1301:      : _M_b()
        -: 1302:      { _M_initialize(); }
        -: 1303:
        -: 1304:      /**
        -: 1305:       * @brief Copy constructs a %shuffle_order_engine engine.
        -: 1306:       *
        -: 1307:       * Copies an existing base class random number generator.
        -: 1308:       * @param __rng An existing (base class) engine object.
        -: 1309:       */
        -: 1310:      explicit
        -: 1311:      shuffle_order_engine(const _RandomNumberEngine& __rng)
        -: 1312:      : _M_b(__rng)
        -: 1313:      { _M_initialize(); }
        -: 1314:
        -: 1315:      /**
        -: 1316:       * @brief Move constructs a %shuffle_order_engine engine.
        -: 1317:       *
        -: 1318:       * Copies an existing base class random number generator.
        -: 1319:       * @param __rng An existing (base class) engine object.
        -: 1320:       */
        -: 1321:      explicit
        -: 1322:      shuffle_order_engine(_RandomNumberEngine&& __rng)
        -: 1323:      : _M_b(std::move(__rng))
        -: 1324:      { _M_initialize(); }
        -: 1325:
        -: 1326:      /**
        -: 1327:       * @brief Seed constructs a %shuffle_order_engine engine.
        -: 1328:       *
        -: 1329:       * Constructs the underlying generator engine seeded with @p __s.
        -: 1330:       * @param __s A seed value for the base class engine.
        -: 1331:       */
        -: 1332:      explicit
        -: 1333:      shuffle_order_engine(result_type __s)
        -: 1334:      : _M_b(__s)
        -: 1335:      { _M_initialize(); }
        -: 1336:
        -: 1337:      /**
        -: 1338:       * @brief Generator construct a %shuffle_order_engine engine.
        -: 1339:       *
        -: 1340:       * @param __q A seed sequence.
        -: 1341:       */
        -: 1342:      template<typename _Sseq, typename = typename
        -: 1343:	std::enable_if<!std::is_same<_Sseq, shuffle_order_engine>::value
        -: 1344:		       && !std::is_same<_Sseq, _RandomNumberEngine>::value>
        -: 1345:	       ::type>
        -: 1346:        explicit
        -: 1347:        shuffle_order_engine(_Sseq& __q)
        -: 1348:        : _M_b(__q)
        -: 1349:        { _M_initialize(); }
        -: 1350:
        -: 1351:      /**
        -: 1352:       * @brief Reseeds the %shuffle_order_engine object with the default seed
        -: 1353:                for the underlying base class generator engine.
        -: 1354:       */
        -: 1355:      void
        -: 1356:      seed()
        -: 1357:      {
        -: 1358:	_M_b.seed();
        -: 1359:	_M_initialize();
        -: 1360:      }
        -: 1361:
        -: 1362:      /**
        -: 1363:       * @brief Reseeds the %shuffle_order_engine object with the default seed
        -: 1364:       *        for the underlying base class generator engine.
        -: 1365:       */
        -: 1366:      void
        -: 1367:      seed(result_type __s)
        -: 1368:      {
        -: 1369:	_M_b.seed(__s);
        -: 1370:	_M_initialize();
        -: 1371:      }
        -: 1372:
        -: 1373:      /**
        -: 1374:       * @brief Reseeds the %shuffle_order_engine object with the given seed
        -: 1375:       *        sequence.
        -: 1376:       * @param __q A seed generator function.
        -: 1377:       */
        -: 1378:      template<typename _Sseq>
        -: 1379:        void
        -: 1380:        seed(_Sseq& __q)
        -: 1381:        {
        -: 1382:	  _M_b.seed(__q);
        -: 1383:	  _M_initialize();
        -: 1384:	}
        -: 1385:
        -: 1386:      /**
        -: 1387:       * Gets a const reference to the underlying generator engine object.
        -: 1388:       */
        -: 1389:      const _RandomNumberEngine&
        -: 1390:      base() const noexcept
        -: 1391:      { return _M_b; }
        -: 1392:
        -: 1393:      /**
        -: 1394:       * Gets the minimum value in the generated random number range.
        -: 1395:       */
        -: 1396:      static constexpr result_type
        -: 1397:      min()
        -: 1398:      { return _RandomNumberEngine::min(); }
        -: 1399:
        -: 1400:      /**
        -: 1401:       * Gets the maximum value in the generated random number range.
        -: 1402:       */
        -: 1403:      static constexpr result_type
        -: 1404:      max()
        -: 1405:      { return _RandomNumberEngine::max(); }
        -: 1406:
        -: 1407:      /**
        -: 1408:       * Discard a sequence of random numbers.
        -: 1409:       */
        -: 1410:      void
        -: 1411:      discard(unsigned long long __z)
        -: 1412:      {
        -: 1413:	for (; __z != 0ULL; --__z)
        -: 1414:	  (*this)();
        -: 1415:      }
        -: 1416:
        -: 1417:      /**
        -: 1418:       * Gets the next value in the generated random number sequence.
        -: 1419:       */
        -: 1420:      result_type
        -: 1421:      operator()();
        -: 1422:
        -: 1423:      /**
        -: 1424:       * Compares two %shuffle_order_engine random number generator objects
        -: 1425:       * of the same type for equality.
        -: 1426:       *
        -: 1427:       * @param __lhs A %shuffle_order_engine random number generator object.
        -: 1428:       * @param __rhs Another %shuffle_order_engine random number generator
        -: 1429:       *              object.
        -: 1430:       *
        -: 1431:       * @returns true if the infinite sequences of generated values
        -: 1432:       *          would be equal, false otherwise.
        -: 1433:      */
        -: 1434:      friend bool
        -: 1435:      operator==(const shuffle_order_engine& __lhs,
        -: 1436:		 const shuffle_order_engine& __rhs)
        -: 1437:      { return (__lhs._M_b == __rhs._M_b
        -: 1438:		&& std::equal(__lhs._M_v, __lhs._M_v + __k, __rhs._M_v)
        -: 1439:		&& __lhs._M_y == __rhs._M_y); }
        -: 1440:
        -: 1441:      /**
        -: 1442:       * @brief Inserts the current state of a %shuffle_order_engine random
        -: 1443:       *        number generator engine @p __x into the output stream
        -: 1444:	@p __os.
        -: 1445:       *
        -: 1446:       * @param __os An output stream.
        -: 1447:       * @param __x  A %shuffle_order_engine random number generator engine.
        -: 1448:       *
        -: 1449:       * @returns The output stream with the state of @p __x inserted or in
        -: 1450:       * an error state.
        -: 1451:       */
        -: 1452:      template<typename _RandomNumberEngine1, size_t __k1,
        -: 1453:	       typename _CharT, typename _Traits>
        -: 1454:	friend std::basic_ostream<_CharT, _Traits>&
        -: 1455:	operator<<(std::basic_ostream<_CharT, _Traits>& __os,
        -: 1456:		   const std::shuffle_order_engine<_RandomNumberEngine1,
        -: 1457:		   __k1>& __x);
        -: 1458:
        -: 1459:      /**
        -: 1460:       * @brief Extracts the current state of a % subtract_with_carry_engine
        -: 1461:       *        random number generator engine @p __x from the input stream
        -: 1462:       *        @p __is.
        -: 1463:       *
        -: 1464:       * @param __is An input stream.
        -: 1465:       * @param __x  A %shuffle_order_engine random number generator engine.
        -: 1466:       *
        -: 1467:       * @returns The input stream with the state of @p __x extracted or in
        -: 1468:       * an error state.
        -: 1469:       */
        -: 1470:      template<typename _RandomNumberEngine1, size_t __k1,
        -: 1471:	       typename _CharT, typename _Traits>
        -: 1472:	friend std::basic_istream<_CharT, _Traits>&
        -: 1473:	operator>>(std::basic_istream<_CharT, _Traits>& __is,
        -: 1474:		   std::shuffle_order_engine<_RandomNumberEngine1, __k1>& __x);
        -: 1475:
        -: 1476:    private:
        -: 1477:      void _M_initialize()
        -: 1478:      {
        -: 1479:	for (size_t __i = 0; __i < __k; ++__i)
        -: 1480:	  _M_v[__i] = _M_b();
        -: 1481:	_M_y = _M_b();
        -: 1482:      }
        -: 1483:
        -: 1484:      _RandomNumberEngine _M_b;
        -: 1485:      result_type _M_v[__k];
        -: 1486:      result_type _M_y;
        -: 1487:    };
        -: 1488:
        -: 1489:  /**
        -: 1490:   * Compares two %shuffle_order_engine random number generator objects
        -: 1491:   * of the same type for inequality.
        -: 1492:   *
        -: 1493:   * @param __lhs A %shuffle_order_engine random number generator object.
        -: 1494:   * @param __rhs Another %shuffle_order_engine random number generator
        -: 1495:   *              object.
        -: 1496:   *
        -: 1497:   * @returns true if the infinite sequences of generated values
        -: 1498:   *          would be different, false otherwise.
        -: 1499:   */
        -: 1500:  template<typename _RandomNumberEngine, size_t __k>
        -: 1501:    inline bool
        -: 1502:    operator!=(const std::shuffle_order_engine<_RandomNumberEngine,
        -: 1503:	       __k>& __lhs,
        -: 1504:	       const std::shuffle_order_engine<_RandomNumberEngine,
        -: 1505:	       __k>& __rhs)
        -: 1506:    { return !(__lhs == __rhs); }
        -: 1507:
        -: 1508:
        -: 1509:  /**
        -: 1510:   * The classic Minimum Standard rand0 of Lewis, Goodman, and Miller.
        -: 1511:   */
        -: 1512:  typedef linear_congruential_engine<uint_fast32_t, 16807UL, 0UL, 2147483647UL>
        -: 1513:  minstd_rand0;
        -: 1514:
        -: 1515:  /**
        -: 1516:   * An alternative LCR (Lehmer Generator function).
        -: 1517:   */
        -: 1518:  typedef linear_congruential_engine<uint_fast32_t, 48271UL, 0UL, 2147483647UL>
        -: 1519:  minstd_rand;
        -: 1520:
        -: 1521:  /**
        -: 1522:   * The classic Mersenne Twister.
        -: 1523:   *
        -: 1524:   * Reference:
        -: 1525:   * M. Matsumoto and T. Nishimura, Mersenne Twister: A 623-Dimensionally
        -: 1526:   * Equidistributed Uniform Pseudo-Random Number Generator, ACM Transactions
        -: 1527:   * on Modeling and Computer Simulation, Vol. 8, No. 1, January 1998, pp 3-30.
        -: 1528:   */
        -: 1529:  typedef mersenne_twister_engine<
        -: 1530:    uint_fast32_t,
        -: 1531:    32, 624, 397, 31,
        -: 1532:    0x9908b0dfUL, 11,
        -: 1533:    0xffffffffUL, 7,
        -: 1534:    0x9d2c5680UL, 15,
        -: 1535:    0xefc60000UL, 18, 1812433253UL> mt19937;
        -: 1536:
        -: 1537:  /**
        -: 1538:   * An alternative Mersenne Twister.
        -: 1539:   */
        -: 1540:  typedef mersenne_twister_engine<
        -: 1541:    uint_fast64_t,
        -: 1542:    64, 312, 156, 31,
        -: 1543:    0xb5026f5aa96619e9ULL, 29,
        -: 1544:    0x5555555555555555ULL, 17,
        -: 1545:    0x71d67fffeda60000ULL, 37,
        -: 1546:    0xfff7eee000000000ULL, 43,
        -: 1547:    6364136223846793005ULL> mt19937_64;
        -: 1548:
        -: 1549:  typedef subtract_with_carry_engine<uint_fast32_t, 24, 10, 24>
        -: 1550:    ranlux24_base;
        -: 1551:
        -: 1552:  typedef subtract_with_carry_engine<uint_fast64_t, 48, 5, 12>
        -: 1553:    ranlux48_base;
        -: 1554:
        -: 1555:  typedef discard_block_engine<ranlux24_base, 223, 23> ranlux24;
        -: 1556:
        -: 1557:  typedef discard_block_engine<ranlux48_base, 389, 11> ranlux48;
        -: 1558:
        -: 1559:  typedef shuffle_order_engine<minstd_rand0, 256> knuth_b;
        -: 1560:
        -: 1561:  typedef minstd_rand0 default_random_engine;
        -: 1562:
        -: 1563:  /**
        -: 1564:   * A standard interface to a platform-specific non-deterministic
        -: 1565:   * random number generator (if any are available).
        -: 1566:   */
        -: 1567:  class random_device
        -: 1568:  {
        -: 1569:  public:
        -: 1570:    /** The type of the generated random value. */
        -: 1571:    typedef unsigned int result_type;
        -: 1572:
        -: 1573:    // constructors, destructors and member functions
        -: 1574:
        -: 1575:#ifdef _GLIBCXX_USE_RANDOM_TR1
        -: 1576:
        -: 1577:    explicit
        -: 1578:    random_device(const std::string& __token = "default")
        -: 1579:    {
        -: 1580:      _M_init(__token);
        -: 1581:    }
        -: 1582:
        -: 1583:    ~random_device()
        -: 1584:    { _M_fini(); }
        -: 1585:
        -: 1586:#else
        -: 1587:
        -: 1588:    explicit
        -: 1589:    random_device(const std::string& __token = "mt19937")
        -: 1590:    { _M_init_pretr1(__token); }
        -: 1591:
        -: 1592:  public:
        -: 1593:
        -: 1594:#endif
        -: 1595:
        -: 1596:    static constexpr result_type
        -: 1597:    min()
        -: 1598:    { return std::numeric_limits<result_type>::min(); }
        -: 1599:
        -: 1600:    static constexpr result_type
        -: 1601:    max()
        -: 1602:    { return std::numeric_limits<result_type>::max(); }
        -: 1603:
        -: 1604:    double
        -: 1605:    entropy() const noexcept
[...]
        -: 5550:       */
        -: 5551:      result_type
        -: 5552:      min() const
        -: 5553:      {
        -: 5554:	return _M_param._M_int.empty()
        -: 5555:	  ? result_type(0) : _M_param._M_int.front();
        -: 5556:      }
        -: 5557:
        -: 5558:      /**
        -: 5559:       * @brief Returns the least upper bound value of the distribution.
        -: 5560:       */
        -: 5561:      result_type
        -: 5562:      max() const
        -: 5563:      {
        -: 5564:	return _M_param._M_int.empty()
        -: 5565:	  ? result_type(1) : _M_param._M_int.back();
        -: 5566:      }
        -: 5567:
        -: 5568:      /**
        -: 5569:       * @brief Generating functions.
        -: 5570:       */
        -: 5571:      template<typename _UniformRandomNumberGenerator>
        -: 5572:	result_type
        -: 5573:	operator()(_UniformRandomNumberGenerator& __urng)
        -: 5574:	{ return this->operator()(__urng, _M_param); }
        -: 5575:
        -: 5576:      template<typename _UniformRandomNumberGenerator>
        -: 5577:	result_type
        -: 5578:	operator()(_UniformRandomNumberGenerator& __urng,
        -: 5579:		   const param_type& __p);
        -: 5580:
        -: 5581:      template<typename _ForwardIterator,
        -: 5582:	       typename _UniformRandomNumberGenerator>
        -: 5583:	void
        -: 5584:	__generate(_ForwardIterator __f, _ForwardIterator __t,
        -: 5585:		   _UniformRandomNumberGenerator& __urng)
        -: 5586:	{ this->__generate(__f, __t, __urng, _M_param); }
        -: 5587:
        -: 5588:      template<typename _ForwardIterator,
        -: 5589:	       typename _UniformRandomNumberGenerator>
        -: 5590:	void
        -: 5591:	__generate(_ForwardIterator __f, _ForwardIterator __t,
        -: 5592:		   _UniformRandomNumberGenerator& __urng,
        -: 5593:		   const param_type& __p)
        -: 5594:	{ this->__generate_impl(__f, __t, __urng, __p); }
        -: 5595:
        -: 5596:      template<typename _UniformRandomNumberGenerator>
        -: 5597:	void
        -: 5598:	__generate(result_type* __f, result_type* __t,
        -: 5599:		   _UniformRandomNumberGenerator& __urng,
        -: 5600:		   const param_type& __p)
        -: 5601:	{ this->__generate_impl(__f, __t, __urng, __p); }
        -: 5602:
        -: 5603:      /**
        -: 5604:       * @brief Return true if two piecewise constant distributions have the
        -: 5605:       *        same parameters.
        -: 5606:       */
        -: 5607:      friend bool
        -: 5608:      operator==(const piecewise_constant_distribution& __d1,
        -: 5609:		 const piecewise_constant_distribution& __d2)
        -: 5610:      { return __d1._M_param == __d2._M_param; }
        -: 5611:
        -: 5612:      /**
        -: 5613:       * @brief Inserts a %piecewise_constant_distribution random
        -: 5614:       *        number distribution @p __x into the output stream @p __os.
        -: 5615:       *
        -: 5616:       * @param __os An output stream.
        -: 5617:       * @param __x  A %piecewise_constant_distribution random number
        -: 5618:       *             distribution.
        -: 5619:       *
        -: 5620:       * @returns The output stream with the state of @p __x inserted or in
        -: 5621:       * an error state.
        -: 5622:       */
        -: 5623:      template<typename _RealType1, typename _CharT, typename _Traits>
        -: 5624:	friend std::basic_ostream<_CharT, _Traits>&
        -: 5625:	operator<<(std::basic_ostream<_CharT, _Traits>& __os,
        -: 5626:		   const std::piecewise_constant_distribution<_RealType1>& __x);
        -: 5627:
        -: 5628:      /**
        -: 5629:       * @brief Extracts a %piecewise_constant_distribution random
        -: 5630:       *        number distribution @p __x from the input stream @p __is.
        -: 5631:       *
        -: 5632:       * @param __is An input stream.
        -: 5633:       * @param __x A %piecewise_constant_distribution random number
        -: 5634:       *            generator engine.
        -: 5635:       *
        -: 5636:       * @returns The input stream with @p __x extracted or in an error
        -: 5637:       *          state.
        -: 5638:       */
        -: 5639:      template<typename _RealType1, typename _CharT, typename _Traits>
        -: 5640:	friend std::basic_istream<_CharT, _Traits>&
        -: 5641:	operator>>(std::basic_istream<_CharT, _Traits>& __is,
        -: 5642:		   std::piecewise_constant_distribution<_RealType1>& __x);
        -: 5643:
        -: 5644:    private:
        -: 5645:      template<typename _ForwardIterator,
        -: 5646:	       typename _UniformRandomNumberGenerator>
        -: 5647:	void
        -: 5648:	__generate_impl(_ForwardIterator __f, _ForwardIterator __t,
        -: 5649:			_UniformRandomNumberGenerator& __urng,
        -: 5650:			const param_type& __p);
        -: 5651:
        -: 5652:      param_type _M_param;
        -: 5653:    };
        -: 5654:
        -: 5655:  /**
        -: 5656:    * @brief Return true if two piecewise constant distributions have 
        -: 5657:    *        different parameters.
        -: 5658:   */
        -: 5659:  template<typename _RealType>
        -: 5660:    inline bool
        -: 5661:    operator!=(const std::piecewise_constant_distribution<_RealType>& __d1,
        -: 5662:	       const std::piecewise_constant_distribution<_RealType>& __d2)
        -: 5663:    { return !(__d1 == __d2); }
        -: 5664:
        -: 5665:
        -: 5666:  /**
        -: 5667:   * @brief A piecewise_linear_distribution random number distribution.
        -: 5668:   *
        -: 5669:   * The formula for the piecewise linear probability mass function is
        -: 5670:   *
        -: 5671:   */
        -: 5672:  template<typename _RealType = double>
        -: 5673:    class piecewise_linear_distribution
        -: 5674:    {
        -: 5675:      static_assert(std::is_floating_point<_RealType>::value,
        -: 5676:		    "result_type must be a floating point type");
        -: 5677:
        -: 5678:    public:
        -: 5679:      /** The type of the range of the distribution. */
        -: 5680:      typedef _RealType result_type;
        -: 5681:
        -: 5682:      /** Parameter type. */
        -: 5683:      struct param_type
        -: 5684:      {
        -: 5685:	typedef piecewise_linear_distribution<_RealType> distribution_type;
        -: 5686:	friend class piecewise_linear_distribution<_RealType>;
        -: 5687:
        -: 5688:	param_type()
        -: 5689:	: _M_int(), _M_den(), _M_cp(), _M_m()
        -: 5690:	{ }
        -: 5691:
        -: 5692:	template<typename _InputIteratorB, typename _InputIteratorW>
        -: 5693:	  param_type(_InputIteratorB __bfirst,
        -: 5694:		     _InputIteratorB __bend,
        -: 5695:		     _InputIteratorW __wbegin);
        -: 5696:
        -: 5697:	template<typename _Func>
        -: 5698:	  param_type(initializer_list<_RealType> __bl, _Func __fw);
        -: 5699:
        -: 5700:	template<typename _Func>
        -: 5701:	  param_type(size_t __nw, _RealType __xmin, _RealType __xmax,
        -: 5702:		     _Func __fw);
        -: 5703:
        -: 5704:	// See: http://cpp-next.com/archive/2010/10/implicit-move-must-go/
        -: 5705:	param_type(const param_type&) = default;
        -: 5706:	param_type& operator=(const param_type&) = default;
        -: 5707:
        -: 5708:	std::vector<_RealType>
        -: 5709:	intervals() const
        -: 5710:	{
        -: 5711:	  if (_M_int.empty())
        -: 5712:	    {
        -: 5713:	      std::vector<_RealType> __tmp(2);
        -: 5714:	      __tmp[1] = _RealType(1);
        -: 5715:	      return __tmp;
        -: 5716:	    }
        -: 5717:	  else
        -: 5718:	    return _M_int;
        -: 5719:	}
        -: 5720:
        -: 5721:	std::vector<double>
        -: 5722:	densities() const
        -: 5723:	{ return _M_den.empty() ? std::vector<double>(2, 1.0) : _M_den; }
        -: 5724:
        -: 5725:	friend bool
        -: 5726:	operator==(const param_type& __p1, const param_type& __p2)
        -: 5727:	{ return __p1._M_int == __p2._M_int && __p1._M_den == __p2._M_den; }
        -: 5728:
        -: 5729:	friend bool
        -: 5730:	operator!=(const param_type& __p1, const param_type& __p2)
        -: 5731:	{ return !(__p1 == __p2); }
        -: 5732:
        -: 5733:      private:
        -: 5734:	void
        -: 5735:	_M_initialize();
        -: 5736:
        -: 5737:	std::vector<_RealType> _M_int;
        -: 5738:	std::vector<double> _M_den;
        -: 5739:	std::vector<double> _M_cp;
        -: 5740:	std::vector<double> _M_m;
        -: 5741:      };
        -: 5742:
        -: 5743:      explicit
        -: 5744:      piecewise_linear_distribution()
        -: 5745:      : _M_param()
        -: 5746:      { }
        -: 5747:
        -: 5748:      template<typename _InputIteratorB, typename _InputIteratorW>
        -: 5749:	piecewise_linear_distribution(_InputIteratorB __bfirst,
        -: 5750:				      _InputIteratorB __bend,
        -: 5751:				      _InputIteratorW __wbegin)
        -: 5752:	: _M_param(__bfirst, __bend, __wbegin)
        -: 5753:	{ }
        -: 5754:
        -: 5755:      template<typename _Func>
        -: 5756:	piecewise_linear_distribution(initializer_list<_RealType> __bl,
        -: 5757:				      _Func __fw)
        -: 5758:	: _M_param(__bl, __fw)
        -: 5759:	{ }
        -: 5760:
        -: 5761:      template<typename _Func>
        -: 5762:	piecewise_linear_distribution(size_t __nw,
        -: 5763:				      _RealType __xmin, _RealType __xmax,
        -: 5764:				      _Func __fw)
        -: 5765:	: _M_param(__nw, __xmin, __xmax, __fw)
        -: 5766:	{ }
        -: 5767:
        -: 5768:      explicit
        -: 5769:      piecewise_linear_distribution(const param_type& __p)
        -: 5770:      : _M_param(__p)
        -: 5771:      { }
        -: 5772:
        -: 5773:      /**
        -: 5774:       * Resets the distribution state.
        -: 5775:       */
        -: 5776:      void
        -: 5777:      reset()
        -: 5778:      { }
        -: 5779:
        -: 5780:      /**
        -: 5781:       * @brief Return the intervals of the distribution.
        -: 5782:       */
        -: 5783:      std::vector<_RealType>
        -: 5784:      intervals() const
        -: 5785:      {
        -: 5786:	if (_M_param._M_int.empty())
        -: 5787:	  {
        -: 5788:	    std::vector<_RealType> __tmp(2);
        -: 5789:	    __tmp[1] = _RealType(1);
        -: 5790:	    return __tmp;
        -: 5791:	  }
        -: 5792:	else
        -: 5793:	  return _M_param._M_int;
        -: 5794:      }
        -: 5795:
        -: 5796:      /**
        -: 5797:       * @brief Return a vector of the probability densities of the
        -: 5798:       *        distribution.
        -: 5799:       */
        -: 5800:      std::vector<double>
        -: 5801:      densities() const
        -: 5802:      {
        -: 5803:	return _M_param._M_den.empty()
        -: 5804:	  ? std::vector<double>(2, 1.0) : _M_param._M_den;
        -: 5805:      }
        -: 5806:
        -: 5807:      /**
        -: 5808:       * @brief Returns the parameter set of the distribution.
        -: 5809:       */
        -: 5810:      param_type
        -: 5811:      param() const
        -: 5812:      { return _M_param; }
        -: 5813:
        -: 5814:      /**
        -: 5815:       * @brief Sets the parameter set of the distribution.
        -: 5816:       * @param __param The new parameter set of the distribution.
        -: 5817:       */
        -: 5818:      void
        -: 5819:      param(const param_type& __param)
        -: 5820:      { _M_param = __param; }
        -: 5821:
        -: 5822:      /**
        -: 5823:       * @brief Returns the greatest lower bound value of the distribution.
        -: 5824:       */
        -: 5825:      result_type
        -: 5826:      min() const
        -: 5827:      {
        -: 5828:	return _M_param._M_int.empty()
        -: 5829:	  ? result_type(0) : _M_param._M_int.front();
        -: 5830:      }
        -: 5831:
        -: 5832:      /**
        -: 5833:       * @brief Returns the least upper bound value of the distribution.
        -: 5834:       */
        -: 5835:      result_type
        -: 5836:      max() const
        -: 5837:      {
        -: 5838:	return _M_param._M_int.empty()
        -: 5839:	  ? result_type(1) : _M_param._M_int.back();
        -: 5840:      }
        -: 5841:
        -: 5842:      /**
        -: 5843:       * @brief Generating functions.
        -: 5844:       */
        -: 5845:      template<typename _UniformRandomNumberGenerator>
        -: 5846:	result_type
        -: 5847:	operator()(_UniformRandomNumberGenerator& __urng)
        -: 5848:	{ return this->operator()(__urng, _M_param); }
        -: 5849:
        -: 5850:      template<typename _UniformRandomNumberGenerator>
        -: 5851:	result_type
        -: 5852:	operator()(_UniformRandomNumberGenerator& __urng,
        -: 5853:		   const param_type& __p);
        -: 5854:
        -: 5855:      template<typename _ForwardIterator,
        -: 5856:	       typename _UniformRandomNumberGenerator>
        -: 5857:	void
        -: 5858:	__generate(_ForwardIterator __f, _ForwardIterator __t,
        -: 5859:		   _UniformRandomNumberGenerator& __urng)
        -: 5860:	{ this->__generate(__f, __t, __urng, _M_param); }
        -: 5861:
        -: 5862:      template<typename _ForwardIterator,
        -: 5863:	       typename _UniformRandomNumberGenerator>
        -: 5864:	void
        -: 5865:	__generate(_ForwardIterator __f, _ForwardIterator __t,
        -: 5866:		   _UniformRandomNumberGenerator& __urng,
        -: 5867:		   const param_type& __p)
        -: 5868:	{ this->__generate_impl(__f, __t, __urng, __p); }
        -: 5869:
        -: 5870:      template<typename _UniformRandomNumberGenerator>
        -: 5871:	void
        -: 5872:	__generate(result_type* __f, result_type* __t,
        -: 5873:		   _UniformRandomNumberGenerator& __urng,
        -: 5874:		   const param_type& __p)
        -: 5875:	{ this->__generate_impl(__f, __t, __urng, __p); }
        -: 5876:
        -: 5877:      /**
        -: 5878:       * @brief Return true if two piecewise linear distributions have the
        -: 5879:       *        same parameters.
        -: 5880:       */
        -: 5881:      friend bool
        -: 5882:      operator==(const piecewise_linear_distribution& __d1,
        -: 5883:		 const piecewise_linear_distribution& __d2)
        -: 5884:      { return __d1._M_param == __d2._M_param; }
        -: 5885:
        -: 5886:      /**
        -: 5887:       * @brief Inserts a %piecewise_linear_distribution random number
        -: 5888:       *        distribution @p __x into the output stream @p __os.
        -: 5889:       *
        -: 5890:       * @param __os An output stream.
        -: 5891:       * @param __x  A %piecewise_linear_distribution random number
        -: 5892:       *             distribution.
        -: 5893:       *
        -: 5894:       * @returns The output stream with the state of @p __x inserted or in
        -: 5895:       *          an error state.
        -: 5896:       */
        -: 5897:      template<typename _RealType1, typename _CharT, typename _Traits>
        -: 5898:	friend std::basic_ostream<_CharT, _Traits>&
        -: 5899:	operator<<(std::basic_ostream<_CharT, _Traits>& __os,
        -: 5900:		   const std::piecewise_linear_distribution<_RealType1>& __x);
        -: 5901:
        -: 5902:      /**
        -: 5903:       * @brief Extracts a %piecewise_linear_distribution random number
        -: 5904:       *        distribution @p __x from the input stream @p __is.
        -: 5905:       *
        -: 5906:       * @param __is An input stream.
        -: 5907:       * @param __x  A %piecewise_linear_distribution random number
        -: 5908:       *             generator engine.
        -: 5909:       *
        -: 5910:       * @returns The input stream with @p __x extracted or in an error
        -: 5911:       *          state.
        -: 5912:       */
        -: 5913:      template<typename _RealType1, typename _CharT, typename _Traits>
        -: 5914:	friend std::basic_istream<_CharT, _Traits>&
        -: 5915:	operator>>(std::basic_istream<_CharT, _Traits>& __is,
        -: 5916:		   std::piecewise_linear_distribution<_RealType1>& __x);
        -: 5917:
        -: 5918:    private:
        -: 5919:      template<typename _ForwardIterator,
        -: 5920:	       typename _UniformRandomNumberGenerator>
        -: 5921:	void
        -: 5922:	__generate_impl(_ForwardIterator __f, _ForwardIterator __t,
        -: 5923:			_UniformRandomNumberGenerator& __urng,
        -: 5924:			const param_type& __p);
        -: 5925:
        -: 5926:      param_type _M_param;
        -: 5927:    };
        -: 5928:
        -: 5929:  /**
        -: 5930:    * @brief Return true if two piecewise linear distributions have
        -: 5931:    *        different parameters.
        -: 5932:   */
        -: 5933:  template<typename _RealType>
        -: 5934:    inline bool
        -: 5935:    operator!=(const std::piecewise_linear_distribution<_RealType>& __d1,
        -: 5936:	       const std::piecewise_linear_distribution<_RealType>& __d2)
        -: 5937:    { return !(__d1 == __d2); }
        -: 5938:
        -: 5939:
        -: 5940:  /* @} */ // group random_distributions_poisson
        -: 5941:
        -: 5942:  /* @} */ // group random_distributions
        -: 5943:
        -: 5944:  /**
        -: 5945:   * @addtogroup random_utilities Random Number Utilities
        -: 5946:   * @ingroup random
        -: 5947:   * @{
        -: 5948:   */
        -: 5949:
        -: 5950:  /**
        -: 5951:   * @brief The seed_seq class generates sequences of seeds for random
        -: 5952:   *        number generators.
        -: 5953:   */
        -: 5954:  class seed_seq
        -: 5955:  {
        -: 5956:  public:
        -: 5957:    /** The type of the seed vales. */
        -: 5958:    typedef uint_least32_t result_type;
        -: 5959:
        -: 5960:    /** Default constructor. */
        -: 5961:    seed_seq() noexcept
        -: 5962:    : _M_v()
        -: 5963:    { }
        -: 5964:
        -: 5965:    template<typename _IntType>
        -: 5966:      seed_seq(std::initializer_list<_IntType> il);
        -: 5967:
        -: 5968:    template<typename _InputIterator>
        -: 5969:      seed_seq(_InputIterator __begin, _InputIterator __end);
        -: 5970:
        -: 5971:    // generating functions
        -: 5972:    template<typename _RandomAccessIterator>
        -: 5973:      void
        -: 5974:      generate(_RandomAccessIterator __begin, _RandomAccessIterator __end);
        -: 5975:
        -: 5976:    // property functions
        -: 5977:    size_t size() const noexcept
        -: 5978:    { return _M_v.size(); }
        -: 5979:
        -: 5980:    template<typename OutputIterator>
        -: 5981:      void
        -: 5982:      param(OutputIterator __dest) const
        -: 5983:      { std::copy(_M_v.begin(), _M_v.end(), __dest); }
        -: 5984:
        -: 5985:    // no copy functions
        -: 5986:    seed_seq(const seed_seq&) = delete;
        -: 5987:    seed_seq& operator=(const seed_seq&) = delete;
        -: 5988:
        -: 5989:  private:
        -: 5990:    std::vector<result_type> _M_v;
        -: 5991:  };
        -: 5992:
        -: 5993:  /* @} */ // group random_utilities
        -: 5994:
        -: 5995:  /* @} */ // group random
        -: 5996:
        -: 5997:_GLIBCXX_END_NAMESPACE_VERSION
        -: 5998:} // namespace std
        -: 5999:
        -: 6000:#endif
