        -:    0:Source:C:/Users/Andreas/ikt203_projects/projects/project 5 Air Traffic Controller/includes/linked_list.cpp
        -:    0:Graph:C:\Users\Andreas\ikt203_projects\projects\project 5 Air Traffic Controller\cmake-build-debug-coverage\CMakeFiles\project_5_Air_Traffic_Controller.dir\includes\linked_list.cpp.gcno
        -:    0:Data:C:\Users\Andreas\ikt203_projects\projects\project 5 Air Traffic Controller\cmake-build-debug-coverage\CMakeFiles\project_5_Air_Traffic_Controller.dir\includes\linked_list.cpp.gcda
        -:    0:Runs:1
        -:    0:Programs:1
        -:    1://
        -:    2:// Created by Andreas on 28.09.2021.
        -:    3://
        -:    4:
        -:    5:#include "linked_list.h"
        -:    6:
function _Z21create_rectangle_listv called 0 returned 0% blocks executed 0%
    #####:    7:Dummy_node *create_rectangle_list(){
    $$$$$:    7-block  0
    #####:    8:    auto *rectangles = (Dummy_node *)malloc(sizeof(Dummy_node));
    #####:    9:    rectangles->size = 0;
    #####:   10:    return rectangles;
    $$$$$:   10-block  0
        -:   11:}
        -:   12:
function _Z6appendP5dummyN2sf14RectangleShapeE called 0 returned 0% blocks executed 0%
    #####:   13:void append(Dummy_node *linked_list, sf::RectangleShape radar){
    $$$$$:   13-block  0
    #####:   14:    if (linked_list->size == 0){
    $$$$$:   14-block  0
branch  0 never executed
branch  1 never executed
    #####:   15:        auto *new_rectangle = (Rectangle_list *)malloc(sizeof(Rectangle_list));
    #####:   16:        new_rectangle->next = nullptr;
    #####:   17:        new_rectangle->radar = radar; // Cheat mode: On.
    $$$$$:   17-block  0
call    0 never executed
    #####:   18:        linked_list->rectangle_list = new_rectangle;
    #####:   19:        linked_list->size++;
        -:   20:    }
        -:   21:    else{
    #####:   22:        auto *new_rectangle = (Rectangle_list *)malloc(sizeof(Rectangle_list));
    #####:   23:        new_rectangle->radar = radar;
    $$$$$:   23-block  0
call    0 never executed
    #####:   24:        new_rectangle->next = linked_list->rectangle_list;
    #####:   25:        linked_list->rectangle_list = new_rectangle;
    #####:   26:        linked_list->size++;
        -:   27:    }
    #####:   28:}
        -:   29:
function _Z11remove_lastP5dummy called 0 returned 0% blocks executed 0%
    #####:   30:void remove_last(Dummy_node *linked_list){
    $$$$$:   30-block  0
    #####:   31:    if (linked_list->size == 0){
    $$$$$:   31-block  0
branch  0 never executed
branch  1 never executed
    #####:   32:        printf("Linked list is empty!\n");
    $$$$$:   32-block  0
call    0 never executed
        -:   33:    }
        -:   34:    else{
        -:   35:        Rectangle_list  *second_last_node;
    #####:   36:        Rectangle_list *last_node = linked_list->rectangle_list;
    $$$$$:   36-block  0
    #####:   37:        while(last_node->next != nullptr){
    $$$$$:   37-block  0
branch  0 never executed
branch  1 never executed
    $$$$$:   37-block  1
    #####:   38:            second_last_node = last_node;
    #####:   39:            last_node = last_node->next;
        -:   40:        }
    #####:   41:        free(last_node);
    #####:   42:        linked_list->size --;
    #####:   43:        if (linked_list->size == 0){
    $$$$$:   43-block  0
branch  0 never executed
branch  1 never executed
    #####:   44:            linked_list->rectangle_list = nullptr;
    $$$$$:   44-block  0
        -:   45:        }
        -:   46:        else{
    #####:   47:            second_last_node->next = nullptr;
    $$$$$:   47-block  0
        -:   48:        }
        -:   49:    }
        -:   50:
        -:   51:
    #####:   52:}
        -:   53:
function _ZN10RectanglesC2Ev called 0 returned 0% blocks executed 0%
    #####:   54:Rectangles::Rectangles() :
    $$$$$:   54-block  0
    #####:   55:    rectangle(){
    #####:   56:    rectangle = create_rectangle_list();
    $$$$$:   56-block  0
call    0 never executed
    #####:   57:}
        -:   58:
function _ZN10Rectangles18get_rectangle_listEv called 0 returned 0% blocks executed 0%
    #####:   59:Rectangle_list *Rectangles::get_rectangle_list() {
    $$$$$:   59-block  0
    #####:   60:    return rectangle->rectangle_list;
    $$$$$:   60-block  0
        -:   61:}
        -:   62:
function _ZN10Rectangles4sizeEv called 0 returned 0% blocks executed 0%
    #####:   63:int Rectangles::size() {
    $$$$$:   63-block  0
    #####:   64:    return rectangle->size;
    $$$$$:   64-block  0
        -:   65:}
        -:   66:
function _ZN10Rectangles21remove_last_rectangleEv called 0 returned 0% blocks executed 0%
    #####:   67:void Rectangles::remove_last_rectangle() {
    $$$$$:   67-block  0
    #####:   68:    remove_last(rectangle);
    $$$$$:   68-block  0
call    0 never executed
    #####:   69:}
        -:   70:
function _ZN10Rectangles13add_rectangleEN2sf14RectangleShapeE called 0 returned 0% blocks executed 0%
    #####:   71:void Rectangles::add_rectangle(sf::RectangleShape radar) {
    $$$$$:   71-block  0
    #####:   72:    append(rectangle, radar);
    $$$$$:   72-block  0
call    0 never executed
call    1 never executed
branch  2 never executed
branch  3 never executed
    $$$$$:   72-block  1
call    4 never executed
    %%%%%:   72-block  2
call    5 never executed
function _GLOBAL__sub_I__Z21create_rectangle_listv called 1 returned 100% blocks executed 100%
function _Z41__static_initialization_and_destruction_0ii called 1 returned 100% blocks executed 100%
        4:   73:}
        1:   73-block  0
        1:   73-block  1
call    0 returned 1
        1:   73-block  2
        1:   73-block  3
branch  1 taken 1 (fallthrough)
branch  2 taken 0
        1:   73-block  4
branch  3 taken 1 (fallthrough)
branch  4 taken 0
